<?xml version="1.0" encoding="UTF-8"?>
<testsuite name="com.crud.tasks.mapper.TrelloMapperTest" tests="1" skipped="0" failures="0" errors="0" timestamp="2018-05-26T17:40:14" hostname="Dell-Komputer" time="0.027">
  <properties/>
  <testcase name="testOfTrelloMapperMethods" classname="com.crud.tasks.mapper.TrelloMapperTest" time="0.027"/>
  <system-out><![CDATA[2018-05-26 19:40:14.590  INFO 2964 --- [    Test worker] .b.t.c.SpringBootTestContextBootstrapper : Neither @ContextConfiguration nor @ContextHierarchy found for test class [com.crud.tasks.mapper.TrelloMapperTest], using SpringBootContextLoader
2018-05-26 19:40:14.593  INFO 2964 --- [    Test worker] o.s.t.c.support.AbstractContextLoader    : Could not detect default resource locations for test class [com.crud.tasks.mapper.TrelloMapperTest]: no resource found for suffixes {-context.xml, Context.groovy}.
2018-05-26 19:40:14.597  INFO 2964 --- [    Test worker] t.c.s.AnnotationConfigContextLoaderUtils : Could not detect default configuration classes for test class [com.crud.tasks.mapper.TrelloMapperTest]: TrelloMapperTest does not declare any static, non-private, non-final, nested classes annotated with @Configuration.
2018-05-26 19:40:14.608  INFO 2964 --- [    Test worker] .b.t.c.SpringBootTestContextBootstrapper : Found @SpringBootConfiguration com.crud.tasks.TasksApplication for test class com.crud.tasks.mapper.TrelloMapperTest
2018-05-26 19:40:14.618  INFO 2964 --- [    Test worker] .b.t.c.SpringBootTestContextBootstrapper : Loaded default TestExecutionListener class names from location [META-INF/spring.factories]: [org.springframework.boot.test.mock.mockito.MockitoTestExecutionListener, org.springframework.boot.test.mock.mockito.ResetMocksTestExecutionListener, org.springframework.boot.test.autoconfigure.restdocs.RestDocsTestExecutionListener, org.springframework.boot.test.autoconfigure.web.client.MockRestServiceServerResetTestExecutionListener, org.springframework.boot.test.autoconfigure.web.servlet.MockMvcPrintOnlyOnFailureTestExecutionListener, org.springframework.boot.test.autoconfigure.web.servlet.WebDriverTestExecutionListener, org.springframework.test.context.web.ServletTestExecutionListener, org.springframework.test.context.support.DirtiesContextBeforeModesTestExecutionListener, org.springframework.test.context.support.DependencyInjectionTestExecutionListener, org.springframework.test.context.support.DirtiesContextTestExecutionListener, org.springframework.test.context.transaction.TransactionalTestExecutionListener, org.springframework.test.context.jdbc.SqlScriptsTestExecutionListener]
2018-05-26 19:40:14.627  INFO 2964 --- [    Test worker] .b.t.c.SpringBootTestContextBootstrapper : Using TestExecutionListeners: [org.springframework.test.context.web.ServletTestExecutionListener@794e6369, org.springframework.test.context.support.DirtiesContextBeforeModesTestExecutionListener@22e82943, org.springframework.boot.test.mock.mockito.MockitoTestExecutionListener@30d54f16, org.springframework.boot.test.autoconfigure.SpringBootDependencyInjectionTestExecutionListener@74f3f177, org.springframework.test.context.support.DirtiesContextTestExecutionListener@7e2c91ab, org.springframework.test.context.transaction.TransactionalTestExecutionListener@1ded0d1c, org.springframework.test.context.jdbc.SqlScriptsTestExecutionListener@7da5c48, org.springframework.boot.test.mock.mockito.ResetMocksTestExecutionListener@6cc97d8d, org.springframework.boot.test.autoconfigure.restdocs.RestDocsTestExecutionListener@76720876, org.springframework.boot.test.autoconfigure.web.client.MockRestServiceServerResetTestExecutionListener@3827e49, org.springframework.boot.test.autoconfigure.web.servlet.MockMvcPrintOnlyOnFailureTestExecutionListener@56ef4a6d, org.springframework.boot.test.autoconfigure.web.servlet.WebDriverTestExecutionListener@716d6028]
trelloBoardList size is: 1
mappdedTrelloBoard size is: 1
newTrelloBoard size is: 1
]]></system-out>
  <system-err><![CDATA[]]></system-err>
</testsuite>
