<?xml version="1.0" encoding="UTF-8"?>
<testsuite name="com.crud.tasks.service.SimpleEmailServiceTest" tests="1" skipped="0" failures="0" errors="0" timestamp="2018-05-27T14:11:27" hostname="Dell-Komputer" time="0.029">
  <properties/>
  <testcase name="shouldSendEmail" classname="com.crud.tasks.service.SimpleEmailServiceTest" time="0.029"/>
  <system-out><![CDATA[2018-05-27 16:11:27.106  INFO 4652 --- [    Test worker] o.s.mail.SimpleMailMessage               : Starting email preparation...
2018-05-27 16:11:27.109  INFO 4652 --- [    Test worker] o.s.mail.SimpleMailMessage               : Email has been sent.
]]></system-out>
  <system-err><![CDATA[]]></system-err>
</testsuite>
