<?xml version="1.0" encoding="UTF-8"?>
<testsuite name="com.crud.tasks.controller.TaskControllerTest" tests="5" skipped="0" failures="0" errors="0" timestamp="2018-05-26T17:39:47" hostname="Dell-Komputer" time="1.554">
  <properties/>
  <testcase name="testGetTasks" classname="com.crud.tasks.controller.TaskControllerTest" time="1.166"/>
  <testcase name="testUpdateTask" classname="com.crud.tasks.controller.TaskControllerTest" time="0.245"/>
  <testcase name="testGetTask" classname="com.crud.tasks.controller.TaskControllerTest" time="0.061"/>
  <testcase name="testCreateTask" classname="com.crud.tasks.controller.TaskControllerTest" time="0.027"/>
  <testcase name="testDeleteTask" classname="com.crud.tasks.controller.TaskControllerTest" time="0.027"/>
  <system-out><![CDATA[19:39:30.107 [Test worker] DEBUG org.springframework.test.context.junit4.SpringJUnit4ClassRunner - SpringJUnit4ClassRunner constructor called with [class com.crud.tasks.controller.TaskControllerTest]
19:39:30.130 [Test worker] DEBUG org.springframework.test.context.BootstrapUtils - Instantiating CacheAwareContextLoaderDelegate from class [org.springframework.test.context.cache.DefaultCacheAwareContextLoaderDelegate]
19:39:30.163 [Test worker] DEBUG org.springframework.test.context.BootstrapUtils - Instantiating BootstrapContext using constructor [public org.springframework.test.context.support.DefaultBootstrapContext(java.lang.Class,org.springframework.test.context.CacheAwareContextLoaderDelegate)]
19:39:30.241 [Test worker] DEBUG org.springframework.test.context.BootstrapUtils - Instantiating TestContextBootstrapper for test class [com.crud.tasks.controller.TaskControllerTest] from class [org.springframework.boot.test.autoconfigure.web.servlet.WebMvcTestContextBootstrapper]
19:39:30.338 [Test worker] INFO org.springframework.boot.test.autoconfigure.web.servlet.WebMvcTestContextBootstrapper - Neither @ContextConfiguration nor @ContextHierarchy found for test class [com.crud.tasks.controller.TaskControllerTest], using SpringBootContextLoader
19:39:30.360 [Test worker] DEBUG org.springframework.test.context.support.AbstractContextLoader - Did not detect default resource location for test class [com.crud.tasks.controller.TaskControllerTest]: class path resource [com/crud/tasks/controller/TaskControllerTest-context.xml] does not exist
19:39:30.362 [Test worker] DEBUG org.springframework.test.context.support.AbstractContextLoader - Did not detect default resource location for test class [com.crud.tasks.controller.TaskControllerTest]: class path resource [com/crud/tasks/controller/TaskControllerTestContext.groovy] does not exist
19:39:30.364 [Test worker] INFO org.springframework.test.context.support.AbstractContextLoader - Could not detect default resource locations for test class [com.crud.tasks.controller.TaskControllerTest]: no resource found for suffixes {-context.xml, Context.groovy}.
19:39:30.368 [Test worker] INFO org.springframework.test.context.support.AnnotationConfigContextLoaderUtils - Could not detect default configuration classes for test class [com.crud.tasks.controller.TaskControllerTest]: TaskControllerTest does not declare any static, non-private, non-final, nested classes annotated with @Configuration.
19:39:30.880 [Test worker] DEBUG org.springframework.test.context.support.ActiveProfilesUtils - Could not find an 'annotation declaring class' for annotation type [org.springframework.test.context.ActiveProfiles] and class [com.crud.tasks.controller.TaskControllerTest]
19:39:30.920 [Test worker] DEBUG org.springframework.core.env.StandardEnvironment - Adding PropertySource 'systemProperties' with lowest search precedence
19:39:30.922 [Test worker] DEBUG org.springframework.core.env.StandardEnvironment - Adding PropertySource 'systemEnvironment' with lowest search precedence
19:39:30.924 [Test worker] DEBUG org.springframework.core.env.StandardEnvironment - Initialized StandardEnvironment with PropertySources [MapPropertySource@1055141978 {name='systemProperties', properties={java.runtime.name=Java(TM) SE Runtime Environment, sun.boot.library.path=C:\Program Files\Java\jdk1.8.0_171\jre\bin, java.vm.version=25.171-b11, java.vm.vendor=Oracle Corporation, java.vendor.url=http://java.oracle.com/, path.separator=;, java.vm.name=Java HotSpot(TM) 64-Bit Server VM, file.encoding.pkg=sun.io, user.script=, sun.java.launcher=SUN_STANDARD, user.country=PL, sun.os.patch.level=Service Pack 1, java.vm.specification.name=Java Virtual Machine Specification, user.dir=C:\Users\Dell\kodilla-course-tasks, java.runtime.version=1.8.0_171-b11, java.awt.graphicsenv=sun.awt.Win32GraphicsEnvironment, java.endorsed.dirs=C:\Program Files\Java\jdk1.8.0_171\jre\lib\endorsed, os.arch=amd64, java.io.tmpdir=C:\Users\Dell\AppData\Local\Temp\, line.separator=
, java.vm.specification.vendor=Oracle Corporation, user.variant=, os.name=Windows 7, sun.jnu.encoding=Cp1250, java.library.path=C:\Program Files\Java\jdk1.8.0_171\bin;C:\Windows\Sun\Java\bin;C:\Windows\system32;C:\Windows;C:\Program Files\Java\jdk1.8.0_171\bin;C:\Program Files\Git\cmd;C:\Program Files\Git\mingw64\bin;C:\Program Files\Git\usr\bin;C:\gradle-4.7\bin;C:\Users\Dell\AppData\Local\Programs\Python\Python36-32\Scripts\;C:\Users\Dell\AppData\Local\Programs\Python\Python36-32\;C:\Program Files\Heroku\bin;C:\Windows\System32;., java.specification.name=Java Platform API Specification, java.class.version=52.0, sun.management.compiler=HotSpot 64-Bit Tiered Compilers, os.version=6.1, user.home=C:\Users\Dell, user.timezone=Europe/Belgrade, java.awt.printerjob=sun.awt.windows.WPrinterJob, file.encoding=windows-1250, java.specification.version=1.8, java.class.path=C:\Users\Dell\kodilla-course-tasks\build\classes\test;C:\Users\Dell\kodilla-course-tasks\build\resources\test;C:\Users\Dell\kodilla-course-tasks\build\classes\main;C:\Users\Dell\kodilla-course-tasks\build\resources\main;C:\Users\Dell\.gradle\caches\modules-2\files-2.1\org.springframework.boot\spring-boot-starter-web\1.5.11.RELEASE\b3d6236a297ae236fbc3fef0cf0301b8e0eef658\spring-boot-starter-web-1.5.11.RELEASE.jar;C:\Users\Dell\.gradle\caches\modules-2\files-2.1\org.projectlombok\lombok\1.16.20\ac76d9b956045631d1561a09289cbf472e077c01\lombok-1.16.20.jar;C:\Users\Dell\.gradle\caches\modules-2\files-2.1\org.springframework.boot\spring-boot-starter-data-jpa\1.5.11.RELEASE\8fccb61592035e3df36c4a2575bc61f72d1f0736\spring-boot-starter-data-jpa-1.5.11.RELEASE.jar;C:\Users\Dell\.gradle\caches\modules-2\files-2.1\mysql\mysql-connector-java\5.1.46\9a3e63b387e376364211e96827bc27db8d7a92e9\mysql-connector-java-5.1.46.jar;C:\Users\Dell\.gradle\caches\modules-2\files-2.1\org.springframework.boot\spring-boot-starter-mail\1.5.12.RELEASE\965dc863c92d8b7cdbac5d2da6b5a41e3b0ddd3a\spring-boot-starter-mail-1.5.12.RELEASE.jar;C:\Users\Dell\.gradle\caches\modules-2\files-2.1\org.springframework.boot\spring-boot-starter-actuator\1.5.11.RELEASE\4aa6d74e798ca19ccf30df80c6a1c2e1169d12e6\spring-boot-starter-actuator-1.5.11.RELEASE.jar;C:\Users\Dell\.gradle\caches\modules-2\files-2.1\com.google.code.gson\gson\2.8.2\3edcfe49d2c6053a70a2a47e4e1c2f94998a49cf\gson-2.8.2.jar;C:\Users\Dell\.gradle\caches\modules-2\files-2.1\io.springfox\springfox-swagger2\2.7.0\dd28b7ce26af1209d6ef19f5f24a8c23b41ca6fc\springfox-swagger2-2.7.0.jar;C:\Users\Dell\.gradle\caches\modules-2\files-2.1\io.springfox\springfox-swagger-ui\2.7.0\92608eb6c2056810b4e3189196b4e8cce645d6de\springfox-swagger-ui-2.7.0.jar;C:\Users\Dell\.gradle\caches\modules-2\files-2.1\org.springframework.boot\spring-boot-starter-test\1.5.11.RELEASE\ae2df4af572a226607bc4a4e1ee123ed4cfb4f93\spring-boot-starter-test-1.5.11.RELEASE.jar;C:\Users\Dell\.gradle\caches\modules-2\files-2.1\junit\junit\4.12\2973d150c0dc1fefe998f834810d68f278ea58ec\junit-4.12.jar;C:\Users\Dell\.gradle\caches\modules-2\files-2.1\org.springframework.boot\spring-boot-starter\1.5.11.RELEASE\b2a32959d279edc639e61e33c812a046347d4586\spring-boot-starter-1.5.11.RELEASE.jar;C:\Users\Dell\.gradle\caches\modules-2\files-2.1\org.springframework.boot\spring-boot-starter-tomcat\1.5.11.RELEASE\451712cd1e0ee13c2ec8af0c2b75c4cfcf63a6c6\spring-boot-starter-tomcat-1.5.11.RELEASE.jar;C:\Users\Dell\.gradle\caches\modules-2\files-2.1\org.hibernate\hibernate-validator\5.3.6.Final\4c730be8bf55a8e9a61e79a2f2c079abf48b718\hibernate-validator-5.3.6.Final.jar;C:\Users\Dell\.gradle\caches\modules-2\files-2.1\com.fasterxml.jackson.core\jackson-databind\2.8.11.1\341edc63fdd8b44e17b2c36abbc9b451d8fd05a5\jackson-databind-2.8.11.1.jar;C:\Users\Dell\.gradle\caches\modules-2\files-2.1\org.springframework\spring-web\4.3.15.RELEASE\d32c8932a5652f5ad461faa20f973891c1ce3b4c\spring-web-4.3.15.RELEASE.jar;C:\Users\Dell\.gradle\caches\modules-2\files-2.1\org.springframework\spring-webmvc\4.3.15.RELEASE\8b8b508a96de50eb7dd9e436f77388a4c94e313a\spring-webmvc-4.3.15.RELEASE.jar;C:\Users\Dell\.gradle\caches\modules-2\files-2.1\org.springframework.boot\spring-boot-starter-aop\1.5.11.RELEASE\63586ea987de7164f4f851039dcb374bb1285ceb\spring-boot-starter-aop-1.5.11.RELEASE.jar;C:\Users\Dell\.gradle\caches\modules-2\files-2.1\org.springframework.boot\spring-boot-starter-jdbc\1.5.11.RELEASE\aa5921df780dc529dd2806db0d15182d36e540ce\spring-boot-starter-jdbc-1.5.11.RELEASE.jar;C:\Users\Dell\.gradle\caches\modules-2\files-2.1\org.hibernate\hibernate-core\5.0.12.Final\e58bf1c660e6706d8e2cbb53bae110f574366102\hibernate-core-5.0.12.Final.jar;C:\Users\Dell\.gradle\caches\modules-2\files-2.1\org.hibernate\hibernate-entitymanager\5.0.12.Final\302a526f5058290e9cbd719a5caf9f248d344719\hibernate-entitymanager-5.0.12.Final.jar;C:\Users\Dell\.gradle\caches\modules-2\files-2.1\javax.transaction\javax.transaction-api\1.2\d81aff979d603edd90dcd8db2abc1f4ce6479e3e\javax.transaction-api-1.2.jar;C:\Users\Dell\.gradle\caches\modules-2\files-2.1\org.springframework.data\spring-data-jpa\1.11.11.RELEASE\ac76e9ecc10850ac324f762ecb947d67d1670c82\spring-data-jpa-1.11.11.RELEASE.jar;C:\Users\Dell\.gradle\caches\modules-2\files-2.1\org.springframework\spring-aspects\4.3.15.RELEASE\75875ee1d989174406b770042709d98f42394fab\spring-aspects-4.3.15.RELEASE.jar;C:\Users\Dell\.gradle\caches\modules-2\files-2.1\org.springframework\spring-context\4.3.15.RELEASE\7e6083e4584790e20d0f7d0b5ae08ca8433efac6\spring-context-4.3.15.RELEASE.jar;C:\Users\Dell\.gradle\caches\modules-2\files-2.1\org.springframework\spring-context-support\4.3.15.RELEASE\8e735c0d3cff3a7704a1fe81d147ba830e902003\spring-context-support-4.3.15.RELEASE.jar;C:\Users\Dell\.gradle\caches\modules-2\files-2.1\com.sun.mail\javax.mail\1.5.6\ab5daef2f881c42c8e280cbe918ec4d7fdfd7efe\javax.mail-1.5.6.jar;C:\Users\Dell\.gradle\caches\modules-2\files-2.1\org.springframework.boot\spring-boot-actuator\1.5.11.RELEASE\79375901ae6cb43d0f6997f5da37653ce32accfe\spring-boot-actuator-1.5.11.RELEASE.jar;C:\Users\Dell\.gradle\caches\modules-2\files-2.1\io.swagger\swagger-annotations\1.5.13\72433c890a61a876d22063e269be421c810a1a8d\swagger-annotations-1.5.13.jar;C:\Users\Dell\.gradle\caches\modules-2\files-2.1\io.swagger\swagger-models\1.5.13\571a0046f35f9dac569a1870465248595e33ccdb\swagger-models-1.5.13.jar;C:\Users\Dell\.gradle\caches\modules-2\files-2.1\io.springfox\springfox-spi\2.7.0\dab14edcb863dd506278dc950908b4f684e93b7\springfox-spi-2.7.0.jar;C:\Users\Dell\.gradle\caches\modules-2\files-2.1\io.springfox\springfox-schema\2.7.0\aab297a6781e829b9d6bac514a4dc860966c3c8d\springfox-schema-2.7.0.jar;C:\Users\Dell\.gradle\caches\modules-2\files-2.1\io.springfox\springfox-swagger-common\2.7.0\5a632aecc733753887f90592382fa271e546062a\springfox-swagger-common-2.7.0.jar;C:\Users\Dell\.gradle\caches\modules-2\files-2.1\io.springfox\springfox-spring-web\2.7.0\a54be5572b6b5210f6892e13d6b136dde5e96bf6\springfox-spring-web-2.7.0.jar;C:\Users\Dell\.gradle\caches\modules-2\files-2.1\com.fasterxml\classmate\1.3.4\3d5f48f10bbe4eb7bd862f10c0583be2e0053c6\classmate-1.3.4.jar;C:\Users\Dell\.gradle\caches\modules-2\files-2.1\org.slf4j\slf4j-api\1.7.25\da76ca59f6a57ee3102f8f9bd9cee742973efa8a\slf4j-api-1.7.25.jar;C:\Users\Dell\.gradle\caches\modules-2\files-2.1\org.springframework.plugin\spring-plugin-core\1.2.0.RELEASE\f380e7760032e7d929184f8ad8a33716b75c0657\spring-plugin-core-1.2.0.RELEASE.jar;C:\Users\Dell\.gradle\caches\modules-2\files-2.1\org.springframework.plugin\spring-plugin-metadata\1.2.0.RELEASE\97223fc496b6cab31602eedbd4202aa4fff0d44f\spring-plugin-metadata-1.2.0.RELEASE.jar;C:\Users\Dell\.gradle\caches\modules-2\files-2.1\org.mapstruct\mapstruct\1.1.0.Final\65b81fa5234e1fd8461b77bbccee7b9ebc0bbbb2\mapstruct-1.1.0.Final.jar;C:\Users\Dell\.gradle\caches\modules-2\files-2.1\org.springframework.boot\spring-boot-test\1.5.11.RELEASE\5829f38612269e5d497b0c25ccfa4af22d11fe29\spring-boot-test-1.5.11.RELEASE.jar;C:\Users\Dell\.gradle\caches\modules-2\files-2.1\org.springframework.boot\spring-boot-test-autoconfigure\1.5.11.RELEASE\538c51a04ad4128aed954223ce610549c22c874e\spring-boot-test-autoconfigure-1.5.11.RELEASE.jar;C:\Users\Dell\.gradle\caches\modules-2\files-2.1\com.jayway.jsonpath\json-path\2.2.0\22290d17944bd239fabf5ac69005a60a7ecbbbcb\json-path-2.2.0.jar;C:\Users\Dell\.gradle\caches\modules-2\files-2.1\org.assertj\assertj-core\2.6.0\b532c3fc4f66bcfee4989a3514f1cd56203a33ad\assertj-core-2.6.0.jar;C:\Users\Dell\.gradle\caches\modules-2\files-2.1\org.mockito\mockito-core\1.10.19\e8546f5bef4e061d8dd73895b4e8f40e3fe6effe\mockito-core-1.10.19.jar;C:\Users\Dell\.gradle\caches\modules-2\files-2.1\org.hamcrest\hamcrest-core\1.3\42a25dc3219429f0e5d060061f71acb49bf010a0\hamcrest-core-1.3.jar;C:\Users\Dell\.gradle\caches\modules-2\files-2.1\org.hamcrest\hamcrest-library\1.3\4785a3c21320980282f9f33d0d1264a69040538f\hamcrest-library-1.3.jar;C:\Users\Dell\.gradle\caches\modules-2\files-2.1\org.skyscreamer\jsonassert\1.4.0\9cdbb373a06f6513e51e8c545ee6a5e981463edb\jsonassert-1.4.0.jar;C:\Users\Dell\.gradle\caches\modules-2\files-2.1\org.springframework\spring-core\4.3.15.RELEASE\3bc65da5d1e629ab7b06bf9db088336a886bf38c\spring-core-4.3.15.RELEASE.jar;C:\Users\Dell\.gradle\caches\modules-2\files-2.1\org.springframework\spring-test\4.3.15.RELEASE\7ad461e3441f1ebf021213a3ccedcdf377c0a974\spring-test-4.3.15.RELEASE.jar;C:\Users\Dell\.gradle\caches\modules-2\files-2.1\org.springframework.boot\spring-boot\1.5.11.RELEASE\c8b31735cbe9cfc3d6174f3c48cb77cf3a65fc0f\spring-boot-1.5.11.RELEASE.jar;C:\Users\Dell\.gradle\caches\modules-2\files-2.1\org.springframework.boot\spring-boot-autoconfigure\1.5.11.RELEASE\2c5fedf91bb7e42d27ffbfc61d5a4f0b71e7620\spring-boot-autoconfigure-1.5.11.RELEASE.jar;C:\Users\Dell\.gradle\caches\modules-2\files-2.1\org.springframework.boot\spring-boot-starter-logging\1.5.11.RELEASE\f9f335055b7622a41f78075cbdfb4b231112995f\spring-boot-starter-logging-1.5.11.RELEASE.jar;C:\Users\Dell\.gradle\caches\modules-2\files-2.1\org.yaml\snakeyaml\1.17\7a27ea250c5130b2922b86dea63cbb1cc10a660c\snakeyaml-1.17.jar;C:\Users\Dell\.gradle\caches\modules-2\files-2.1\org.apache.tomcat.embed\tomcat-embed-core\8.5.29\51eac5adde4bc019261b787cb99e5548206908e6\tomcat-embed-core-8.5.29.jar;C:\Users\Dell\.gradle\caches\modules-2\files-2.1\org.apache.tomcat.embed\tomcat-embed-el\8.5.29\893fb2c87ec1aa248a7911d76c0c06b3fca6bc9b\tomcat-embed-el-8.5.29.jar;C:\Users\Dell\.gradle\caches\modules-2\files-2.1\org.apache.tomcat.embed\tomcat-embed-websocket\8.5.29\37786f4ca8a1597a91a0f437e659a76d1fcc5bf1\tomcat-embed-websocket-8.5.29.jar;C:\Users\Dell\.gradle\caches\modules-2\files-2.1\javax.validation\validation-api\1.1.0.Final\8613ae82954779d518631e05daa73a6a954817d5\validation-api-1.1.0.Final.jar;C:\Users\Dell\.gradle\caches\modules-2\files-2.1\org.jboss.logging\jboss-logging\3.3.2.Final\3789d00e859632e6c6206adc0c71625559e6e3b0\jboss-logging-3.3.2.Final.jar;C:\Users\Dell\.gradle\caches\modules-2\files-2.1\com.fasterxml.jackson.core\jackson-annotations\2.8.0\45b426f7796b741035581a176744d91090e2e6fb\jackson-annotations-2.8.0.jar;C:\Users\Dell\.gradle\caches\modules-2\files-2.1\com.fasterxml.jackson.core\jackson-core\2.8.11\876ead1db19f0c9e79c9789273a3ef8c6fd6c29b\jackson-core-2.8.11.jar;C:\Users\Dell\.gradle\caches\modules-2\files-2.1\org.springframework\spring-aop\4.3.15.RELEASE\ad6d33979070888c8c062faaa178f63ed49b12c2\spring-aop-4.3.15.RELEASE.jar;C:\Users\Dell\.gradle\caches\modules-2\files-2.1\org.springframework\spring-beans\4.3.15.RELEASE\fcf735969a5b003c2b7973db6914bd275836fccd\spring-beans-4.3.15.RELEASE.jar;C:\Users\Dell\.gradle\caches\modules-2\files-2.1\org.springframework\spring-expression\4.3.15.RELEASE\7f94935a5f152a034211bc40c95eb7e81f0a525a\spring-expression-4.3.15.RELEASE.jar;C:\Users\Dell\.gradle\caches\modules-2\files-2.1\org.aspectj\aspectjweaver\1.8.13\ad94df2a28d658a40dc27bbaff6a1ce5fbf04e9b\aspectjweaver-1.8.13.jar;C:\Users\Dell\.gradle\caches\modules-2\files-2.1\org.apache.tomcat\tomcat-jdbc\8.5.29\5fc2bee83633735b31831b7fffa13040100b5eae\tomcat-jdbc-8.5.29.jar;C:\Users\Dell\.gradle\caches\modules-2\files-2.1\org.springframework\spring-jdbc\4.3.15.RELEASE\58c63357ee9721954764a38a88df92d24e79316d\spring-jdbc-4.3.15.RELEASE.jar;C:\Users\Dell\.gradle\caches\modules-2\files-2.1\org.hibernate.javax.persistence\hibernate-jpa-2.1-api\1.0.0.Final\5e731d961297e5a07290bfaf3db1fbc8bbbf405a\hibernate-jpa-2.1-api-1.0.0.Final.jar;C:\Users\Dell\.gradle\caches\modules-2\files-2.1\org.javassist\javassist\3.21.0-GA\598244f595db5c5fb713731eddbb1c91a58d959b\javassist-3.21.0-GA.jar;C:\Users\Dell\.gradle\caches\modules-2\files-2.1\antlr\antlr\2.7.7\83cd2cd674a217ade95a4bb83a8a14f351f48bd0\antlr-2.7.7.jar;C:\Users\Dell\.gradle\caches\modules-2\files-2.1\org.jboss\jandex\2.0.0.Final\3e899258936f94649c777193e1be846387ed54b3\jandex-2.0.0.Final.jar;C:\Users\Dell\.gradle\caches\modules-2\files-2.1\dom4j\dom4j\1.6.1\5d3ccc056b6f056dbf0dddfdf43894b9065a8f94\dom4j-1.6.1.jar;C:\Users\Dell\.gradle\caches\modules-2\files-2.1\org.hibernate.common\hibernate-commons-annotations\5.0.1.Final\71e1cff3fcb20d3b3af4f3363c3ddb24d33c6879\hibernate-commons-annotations-5.0.1.Final.jar;C:\Users\Dell\.gradle\caches\modules-2\files-2.1\org.springframework.data\spring-data-commons\1.13.11.RELEASE\481434bd66c1cf6ff72902a89ad778156e924382\spring-data-commons-1.13.11.RELEASE.jar;C:\Users\Dell\.gradle\caches\modules-2\files-2.1\org.springframework\spring-orm\4.3.15.RELEASE\3ea352c23e7d6e18f7795db2a3872c4fe97c42d\spring-orm-4.3.15.RELEASE.jar;C:\Users\Dell\.gradle\caches\modules-2\files-2.1\org.springframework\spring-tx\4.3.15.RELEASE\5d30e4dbc2ac49aa5b672e1bd63d034a5ea8e33e\spring-tx-4.3.15.RELEASE.jar;C:\Users\Dell\.gradle\caches\modules-2\files-2.1\org.slf4j\jcl-over-slf4j\1.7.25\f8c32b13ff142a513eeb5b6330b1588dcb2c0461\jcl-over-slf4j-1.7.25.jar;C:\Users\Dell\.gradle\caches\modules-2\files-2.1\javax.activation\activation\1.1\e6cb541461c2834bdea3eb920f1884d1eb508b50\activation-1.1.jar;C:\Users\Dell\.gradle\caches\modules-2\files-2.1\io.springfox\springfox-core\2.7.0\f3e6d1cf5170b4b56ee0a00c1b3b05221f2ecb96\springfox-core-2.7.0.jar;C:\Users\Dell\.gradle\caches\modules-2\files-2.1\org.reflections\reflections\0.9.11\4c686033d918ec1727e329b7222fcb020152e32b\reflections-0.9.11.jar;C:\Users\Dell\.gradle\caches\modules-2\files-2.1\net.minidev\json-smart\2.2.1\5b9e5df7a62d1279b70dc882b041d249c4f0b002\json-smart-2.2.1.jar;C:\Users\Dell\.gradle\caches\modules-2\files-2.1\org.objenesis\objenesis\2.1\87c0ea803b69252868d09308b4618f766f135a96\objenesis-2.1.jar;C:\Users\Dell\.gradle\caches\modules-2\files-2.1\com.vaadin.external.google\android-json\0.0.20131108.vaadin1\fa26d351fe62a6a17f5cda1287c1c6110dec413f\android-json-0.0.20131108.vaadin1.jar;C:\Users\Dell\.gradle\caches\modules-2\files-2.1\ch.qos.logback\logback-classic\1.1.11\ccedfbacef4a6515d2983e3f89ed753d5d4fb665\logback-classic-1.1.11.jar;C:\Users\Dell\.gradle\caches\modules-2\files-2.1\org.slf4j\jul-to-slf4j\1.7.25\af5364cd6679bfffb114f0dec8a157aaa283b76\jul-to-slf4j-1.7.25.jar;C:\Users\Dell\.gradle\caches\modules-2\files-2.1\org.slf4j\log4j-over-slf4j\1.7.25\a87bb47468f47ee7aabbd54f93e133d4215769c3\log4j-over-slf4j-1.7.25.jar;C:\Users\Dell\.gradle\caches\modules-2\files-2.1\org.apache.tomcat\tomcat-annotations-api\8.5.29\5505a72b5e7d6c2324d3f104cdd613a5770b4601\tomcat-annotations-api-8.5.29.jar;C:\Users\Dell\.gradle\caches\modules-2\files-2.1\org.apache.tomcat\tomcat-juli\8.5.29\61b2514e169d96c7f5c2e1a9cf6901b493fb2301\tomcat-juli-8.5.29.jar;C:\Users\Dell\.gradle\caches\modules-2\files-2.1\net.bytebuddy\byte-buddy\1.6.14\871c3e49dc6183d0d361601c2f1d11abb1a6b48c\byte-buddy-1.6.14.jar;C:\Users\Dell\.gradle\caches\modules-2\files-2.1\net.minidev\accessors-smart\1.1\a527213f2fea112a04c9bdf0ec0264e34104cd08\accessors-smart-1.1.jar;C:\Users\Dell\.gradle\caches\modules-2\files-2.1\ch.qos.logback\logback-core\1.1.11\88b8df40340eed549fb07e2613879bf6b006704d\logback-core-1.1.11.jar;C:\Users\Dell\.gradle\caches\modules-2\files-2.1\org.ow2.asm\asm\5.0.3\dcc2193db20e19e1feca8b1240dbbc4e190824fa\asm-5.0.3.jar;C:\Users\Dell\.gradle\caches\modules-2\files-2.1\com.google.guava\guava\20.0\89507701249388e1ed5ddcf8c41f4ce1be7831ef\guava-20.0.jar, user.name=Dell, java.vm.specification.version=1.8, sun.java.command=worker.org.gradle.process.internal.worker.GradleWorkerMain 'Gradle Test Executor 1', java.home=C:\Program Files\Java\jdk1.8.0_171\jre, sun.arch.data.model=64, user.language=pl, java.specification.vendor=Oracle Corporation, awt.toolkit=sun.awt.windows.WToolkit, java.vm.info=mixed mode, java.version=1.8.0_171, java.ext.dirs=C:\Program Files\Java\jdk1.8.0_171\jre\lib\ext;C:\Windows\Sun\Java\lib\ext, sun.boot.class.path=C:\Program Files\Java\jdk1.8.0_171\jre\lib\resources.jar;C:\Program Files\Java\jdk1.8.0_171\jre\lib\rt.jar;C:\Program Files\Java\jdk1.8.0_171\jre\lib\sunrsasign.jar;C:\Program Files\Java\jdk1.8.0_171\jre\lib\jsse.jar;C:\Program Files\Java\jdk1.8.0_171\jre\lib\jce.jar;C:\Program Files\Java\jdk1.8.0_171\jre\lib\charsets.jar;C:\Program Files\Java\jdk1.8.0_171\jre\lib\jfr.jar;C:\Program Files\Java\jdk1.8.0_171\jre\classes, java.vendor=Oracle Corporation, org.gradle.test.worker=1, file.separator=\, java.vendor.url.bug=http://bugreport.sun.com/bugreport/, sun.io.unicode.encoding=UnicodeLittle, sun.cpu.endian=little, sun.desktop=windows, sun.cpu.isalist=amd64}}, SystemEnvironmentPropertySource@819504083 {name='systemEnvironment', properties={PROCESSOR_LEVEL=6, FP_NO_HOST_CHECK=NO, SESSIONNAME=Console, ALLUSERSPROFILE=C:\ProgramData, PROCESSOR_ARCHITECTURE=AMD64, PSModulePath=C:\Windows\system32\WindowsPowerShell\v1.0\Modules\, SystemDrive=C:, DIRNAME=C:\Users\Dell\kodilla-course-tasks\, USERNAME=Dell, CMD_LINE_ARGS=build, ProgramFiles(x86)=C:\Program Files (x86), APP_HOME=C:\Users\Dell\kodilla-course-tasks\, PATHEXT=.COM;.EXE;.BAT;.CMD;.VBS;.VBE;.JS;.JSE;.WSF;.WSH;.MSC, ProgramData=C:\ProgramData, ProgramW6432=C:\Program Files, HOMEPATH=\Users\Dell, PROCESSOR_IDENTIFIER=Intel64 Family 6 Model 23 Stepping 6, GenuineIntel, ProgramFiles=C:\Program Files, PUBLIC=C:\Users\Public, windir=C:\Windows, =::=::\, _SKIP=2, LOCALAPPDATA=C:\Users\Dell\AppData\Local, USERDOMAIN=Dell-Komputer, LOGONSERVER=\\DELL-KOMPUTER, JAVA_HOME=C:\Program Files\Java\jdk1.8.0_171, PROMPT=$P$G, =C:=C:\Users\Dell\kodilla-course-tasks, APPDATA=C:\Users\Dell\AppData\Roaming, JAVA_EXE=C:\Program Files\Java\jdk1.8.0_171/bin/java.exe, windows_tracing_logfile=C:\BVTBin\Tests\installpackage\csilogfile.log, CommonProgramFiles=C:\Program Files\Common Files, Path=C:\Program Files\Java\jdk1.8.0_171\bin;C:\Program Files\Git\cmd;C:\Program Files\Git\mingw64\bin;C:\Program Files\Git\usr\bin;C:\gradle-4.7\bin;C:\Users\Dell\AppData\Local\Programs\Python\Python36-32\Scripts\;C:\Users\Dell\AppData\Local\Programs\Python\Python36-32\;C:\Program Files\Heroku\bin;C:\Windows\System32, OS=Windows_NT, windows_tracing_flags=3, COMPUTERNAME=DELL-KOMPUTER, CATALINA_HOME=C:\apache-tomcat-9.0.7, PROCESSOR_REVISION=1706, CLASSPATH=C:\Users\Dell\kodilla-course-tasks\\gradle\wrapper\gradle-wrapper.jar, CommonProgramW6432=C:\Program Files\Common Files, ComSpec=C:\Windows\system32\cmd.exe, APP_BASE_NAME=gradlew, SystemRoot=C:\Windows, TEMP=C:\Users\Dell\AppData\Local\Temp, HOMEDRIVE=C:, USERPROFILE=C:\Users\Dell, TMP=C:\Users\Dell\AppData\Local\Temp, CommonProgramFiles(x86)=C:\Program Files (x86)\Common Files, NUMBER_OF_PROCESSORS=2}}]
19:39:30.992 [Test worker] DEBUG org.springframework.core.io.support.PathMatchingResourcePatternResolver - Resolved classpath location [com/crud/tasks/controller/] to resources [URL [file:/C:/Users/Dell/kodilla-course-tasks/build/classes/test/com/crud/tasks/controller/], URL [file:/C:/Users/Dell/kodilla-course-tasks/build/classes/main/com/crud/tasks/controller/]]
19:39:30.994 [Test worker] DEBUG org.springframework.core.io.support.PathMatchingResourcePatternResolver - Looking for matching resources in directory tree [C:\Users\Dell\kodilla-course-tasks\build\classes\test\com\crud\tasks\controller]
19:39:30.997 [Test worker] DEBUG org.springframework.core.io.support.PathMatchingResourcePatternResolver - Searching directory [C:\Users\Dell\kodilla-course-tasks\build\classes\test\com\crud\tasks\controller] for files matching pattern [C:/Users/Dell/kodilla-course-tasks/build/classes/test/com/crud/tasks/controller/*.class]
19:39:31.007 [Test worker] DEBUG org.springframework.core.io.support.PathMatchingResourcePatternResolver - Looking for matching resources in directory tree [C:\Users\Dell\kodilla-course-tasks\build\classes\main\com\crud\tasks\controller]
19:39:31.008 [Test worker] DEBUG org.springframework.core.io.support.PathMatchingResourcePatternResolver - Searching directory [C:\Users\Dell\kodilla-course-tasks\build\classes\main\com\crud\tasks\controller] for files matching pattern [C:/Users/Dell/kodilla-course-tasks/build/classes/main/com/crud/tasks/controller/*.class]
19:39:31.012 [Test worker] DEBUG org.springframework.core.io.support.PathMatchingResourcePatternResolver - Resolved location pattern [classpath*:com/crud/tasks/controller/*.class] to resources [file [C:\Users\Dell\kodilla-course-tasks\build\classes\test\com\crud\tasks\controller\TaskControllerTest.class], file [C:\Users\Dell\kodilla-course-tasks\build\classes\test\com\crud\tasks\controller\TrelloControllerTest.class], file [C:\Users\Dell\kodilla-course-tasks\build\classes\main\com\crud\tasks\controller\BoardNotFoundException.class], file [C:\Users\Dell\kodilla-course-tasks\build\classes\main\com\crud\tasks\controller\TaskController.class], file [C:\Users\Dell\kodilla-course-tasks\build\classes\main\com\crud\tasks\controller\TaskNotFoundException.class], file [C:\Users\Dell\kodilla-course-tasks\build\classes\main\com\crud\tasks\controller\TrelloController.class]]
19:39:31.122 [Test worker] DEBUG org.springframework.core.io.support.PathMatchingResourcePatternResolver - Resolved classpath location [com/crud/tasks/] to resources [URL [file:/C:/Users/Dell/kodilla-course-tasks/build/classes/test/com/crud/tasks/], URL [file:/C:/Users/Dell/kodilla-course-tasks/build/classes/main/com/crud/tasks/]]
19:39:31.122 [Test worker] DEBUG org.springframework.core.io.support.PathMatchingResourcePatternResolver - Looking for matching resources in directory tree [C:\Users\Dell\kodilla-course-tasks\build\classes\test\com\crud\tasks]
19:39:31.123 [Test worker] DEBUG org.springframework.core.io.support.PathMatchingResourcePatternResolver - Searching directory [C:\Users\Dell\kodilla-course-tasks\build\classes\test\com\crud\tasks] for files matching pattern [C:/Users/Dell/kodilla-course-tasks/build/classes/test/com/crud/tasks/*.class]
19:39:31.130 [Test worker] DEBUG org.springframework.core.io.support.PathMatchingResourcePatternResolver - Looking for matching resources in directory tree [C:\Users\Dell\kodilla-course-tasks\build\classes\main\com\crud\tasks]
19:39:31.132 [Test worker] DEBUG org.springframework.core.io.support.PathMatchingResourcePatternResolver - Searching directory [C:\Users\Dell\kodilla-course-tasks\build\classes\main\com\crud\tasks] for files matching pattern [C:/Users/Dell/kodilla-course-tasks/build/classes/main/com/crud/tasks/*.class]
19:39:31.150 [Test worker] DEBUG org.springframework.core.io.support.PathMatchingResourcePatternResolver - Resolved location pattern [classpath*:com/crud/tasks/*.class] to resources [file [C:\Users\Dell\kodilla-course-tasks\build\classes\main\com\crud\tasks\TasksApplication.class]]
19:39:31.238 [Test worker] DEBUG org.springframework.context.annotation.ClassPathScanningCandidateComponentProvider - Identified candidate component class: file [C:\Users\Dell\kodilla-course-tasks\build\classes\main\com\crud\tasks\TasksApplication.class]
19:39:31.243 [Test worker] INFO org.springframework.boot.test.context.SpringBootTestContextBootstrapper - Found @SpringBootConfiguration com.crud.tasks.TasksApplication for test class com.crud.tasks.controller.TaskControllerTest
19:39:31.257 [Test worker] DEBUG org.springframework.boot.test.autoconfigure.web.servlet.WebMvcTestContextBootstrapper - @TestExecutionListeners is not present for class [com.crud.tasks.controller.TaskControllerTest]: using defaults.
19:39:31.291 [Test worker] INFO org.springframework.boot.test.autoconfigure.web.servlet.WebMvcTestContextBootstrapper - Loaded default TestExecutionListener class names from location [META-INF/spring.factories]: [org.springframework.boot.test.mock.mockito.MockitoTestExecutionListener, org.springframework.boot.test.mock.mockito.ResetMocksTestExecutionListener, org.springframework.boot.test.autoconfigure.restdocs.RestDocsTestExecutionListener, org.springframework.boot.test.autoconfigure.web.client.MockRestServiceServerResetTestExecutionListener, org.springframework.boot.test.autoconfigure.web.servlet.MockMvcPrintOnlyOnFailureTestExecutionListener, org.springframework.boot.test.autoconfigure.web.servlet.WebDriverTestExecutionListener, org.springframework.test.context.web.ServletTestExecutionListener, org.springframework.test.context.support.DirtiesContextBeforeModesTestExecutionListener, org.springframework.test.context.support.DependencyInjectionTestExecutionListener, org.springframework.test.context.support.DirtiesContextTestExecutionListener, org.springframework.test.context.transaction.TransactionalTestExecutionListener, org.springframework.test.context.jdbc.SqlScriptsTestExecutionListener]
19:39:31.408 [Test worker] INFO org.springframework.boot.test.autoconfigure.web.servlet.WebMvcTestContextBootstrapper - Using TestExecutionListeners: [org.springframework.test.context.web.ServletTestExecutionListener@1cc03f2d, org.springframework.test.context.support.DirtiesContextBeforeModesTestExecutionListener@1b2574b5, org.springframework.boot.test.mock.mockito.MockitoTestExecutionListener@49cb3973, org.springframework.boot.test.autoconfigure.SpringBootDependencyInjectionTestExecutionListener@1056648c, org.springframework.test.context.support.DirtiesContextTestExecutionListener@d7208fc, org.springframework.test.context.transaction.TransactionalTestExecutionListener@3dc2553b, org.springframework.test.context.jdbc.SqlScriptsTestExecutionListener@2d52f351, org.springframework.boot.test.mock.mockito.ResetMocksTestExecutionListener@e839073, org.springframework.boot.test.autoconfigure.restdocs.RestDocsTestExecutionListener@132b4cb7, org.springframework.boot.test.autoconfigure.web.client.MockRestServiceServerResetTestExecutionListener@3c6fb864, org.springframework.boot.test.autoconfigure.web.servlet.MockMvcPrintOnlyOnFailureTestExecutionListener@69d1cc3, org.springframework.boot.test.autoconfigure.web.servlet.WebDriverTestExecutionListener@148f046b]
19:39:31.421 [Test worker] DEBUG org.springframework.test.annotation.ProfileValueUtils - Retrieved @ProfileValueSourceConfiguration [null] for test class [com.crud.tasks.controller.TaskControllerTest]
19:39:31.428 [Test worker] DEBUG org.springframework.test.annotation.ProfileValueUtils - Retrieved ProfileValueSource type [class org.springframework.test.annotation.SystemProfileValueSource] for class [com.crud.tasks.controller.TaskControllerTest]
19:39:31.432 [Test worker] DEBUG org.springframework.test.annotation.ProfileValueUtils - Retrieved @ProfileValueSourceConfiguration [null] for test class [com.crud.tasks.controller.TaskControllerTest]
19:39:31.433 [Test worker] DEBUG org.springframework.test.annotation.ProfileValueUtils - Retrieved ProfileValueSource type [class org.springframework.test.annotation.SystemProfileValueSource] for class [com.crud.tasks.controller.TaskControllerTest]
19:39:31.467 [Test worker] DEBUG org.springframework.test.context.support.AbstractDirtiesContextTestExecutionListener - Before test class: context [DefaultTestContext@a31d8de testClass = TaskControllerTest, testInstance = [null], testMethod = [null], testException = [null], mergedContextConfiguration = [WebMergedContextConfiguration@37ba4693 testClass = TaskControllerTest, locations = '{}', classes = '{class com.crud.tasks.TasksApplication}', contextInitializerClasses = '[]', activeProfiles = '{}', propertySourceLocations = '{}', propertySourceProperties = '{org.springframework.boot.test.autoconfigure.web.servlet.WebMvcTestContextBootstrapper=true}', contextCustomizers = set[[ImportsContextCustomizer@7ad1ac50 key = [org.springframework.boot.autoconfigure.cache.CacheAutoConfiguration, org.springframework.boot.autoconfigure.context.MessageSourceAutoConfiguration, org.springframework.boot.autoconfigure.freemarker.FreeMarkerAutoConfiguration, org.springframework.boot.autoconfigure.groovy.template.GroovyTemplateAutoConfiguration, org.springframework.boot.autoconfigure.gson.GsonAutoConfiguration, org.springframework.boot.autoconfigure.hateoas.HypermediaAutoConfiguration, org.springframework.boot.autoconfigure.jackson.JacksonAutoConfiguration, org.springframework.boot.autoconfigure.mustache.MustacheAutoConfiguration, org.springframework.boot.autoconfigure.thymeleaf.ThymeleafAutoConfiguration, org.springframework.boot.autoconfigure.validation.ValidationAutoConfiguration, org.springframework.boot.autoconfigure.web.ErrorMvcAutoConfiguration, org.springframework.boot.autoconfigure.web.HttpMessageConvertersAutoConfiguration, org.springframework.boot.autoconfigure.web.ServerPropertiesAutoConfiguration, org.springframework.boot.autoconfigure.web.WebMvcAutoConfiguration, org.springframework.boot.test.autoconfigure.web.servlet.MockMvcAutoConfiguration, org.springframework.boot.test.autoconfigure.web.servlet.MockMvcSecurityAutoConfiguration, org.springframework.boot.test.autoconfigure.web.servlet.MockMvcWebClientAutoConfiguration, org.springframework.boot.test.autoconfigure.web.servlet.MockMvcWebDriverAutoConfiguration]], org.springframework.boot.test.context.filter.ExcludeFilterContextCustomizer@67b700be, org.springframework.boot.test.json.DuplicateJsonObjectContextCustomizerFactory$DuplicateJsonObjectContextCustomizer@7467254d, org.springframework.boot.test.mock.mockito.MockitoContextCustomizer@6cc101b2, org.springframework.boot.test.autoconfigure.OverrideAutoConfigurationContextCustomizerFactory$DisableAutoConfigurationContextCustomizer@6765a0c0, org.springframework.boot.test.autoconfigure.filter.TypeExcludeFiltersContextCustomizer@a7926878, org.springframework.boot.test.autoconfigure.properties.PropertyMappingContextCustomizer@20498fe, org.springframework.boot.test.autoconfigure.web.servlet.WebDriverContextCustomizerFactory$Customizer@621e31d6], resourceBasePath = '', contextLoader = 'org.springframework.boot.test.context.SpringBootContextLoader', parent = [null]]], class annotated with @DirtiesContext [false] with mode [null].
19:39:31.470 [Test worker] DEBUG org.springframework.test.annotation.ProfileValueUtils - Retrieved @ProfileValueSourceConfiguration [null] for test class [com.crud.tasks.controller.TaskControllerTest]
19:39:31.471 [Test worker] DEBUG org.springframework.test.annotation.ProfileValueUtils - Retrieved ProfileValueSource type [class org.springframework.test.annotation.SystemProfileValueSource] for class [com.crud.tasks.controller.TaskControllerTest]
19:39:31.752 [Test worker] DEBUG org.springframework.core.env.StandardEnvironment - Adding PropertySource 'systemProperties' with lowest search precedence
19:39:31.754 [Test worker] DEBUG org.springframework.core.env.StandardEnvironment - Adding PropertySource 'systemEnvironment' with lowest search precedence
19:39:31.758 [Test worker] DEBUG org.springframework.core.env.StandardEnvironment - Initialized StandardEnvironment with PropertySources [MapPropertySource@445531433 {name='systemProperties', properties={java.runtime.name=Java(TM) SE Runtime Environment, sun.boot.library.path=C:\Program Files\Java\jdk1.8.0_171\jre\bin, java.vm.version=25.171-b11, java.vm.vendor=Oracle Corporation, java.vendor.url=http://java.oracle.com/, path.separator=;, java.vm.name=Java HotSpot(TM) 64-Bit Server VM, file.encoding.pkg=sun.io, user.script=, sun.java.launcher=SUN_STANDARD, user.country=PL, sun.os.patch.level=Service Pack 1, java.vm.specification.name=Java Virtual Machine Specification, user.dir=C:\Users\Dell\kodilla-course-tasks, java.runtime.version=1.8.0_171-b11, java.awt.graphicsenv=sun.awt.Win32GraphicsEnvironment, java.endorsed.dirs=C:\Program Files\Java\jdk1.8.0_171\jre\lib\endorsed, os.arch=amd64, java.io.tmpdir=C:\Users\Dell\AppData\Local\Temp\, line.separator=
, java.vm.specification.vendor=Oracle Corporation, user.variant=, os.name=Windows 7, sun.jnu.encoding=Cp1250, java.library.path=C:\Program Files\Java\jdk1.8.0_171\bin;C:\Windows\Sun\Java\bin;C:\Windows\system32;C:\Windows;C:\Program Files\Java\jdk1.8.0_171\bin;C:\Program Files\Git\cmd;C:\Program Files\Git\mingw64\bin;C:\Program Files\Git\usr\bin;C:\gradle-4.7\bin;C:\Users\Dell\AppData\Local\Programs\Python\Python36-32\Scripts\;C:\Users\Dell\AppData\Local\Programs\Python\Python36-32\;C:\Program Files\Heroku\bin;C:\Windows\System32;., java.specification.name=Java Platform API Specification, java.class.version=52.0, sun.management.compiler=HotSpot 64-Bit Tiered Compilers, os.version=6.1, user.home=C:\Users\Dell, user.timezone=Europe/Belgrade, java.awt.printerjob=sun.awt.windows.WPrinterJob, file.encoding=windows-1250, java.specification.version=1.8, java.class.path=C:\Users\Dell\kodilla-course-tasks\build\classes\test;C:\Users\Dell\kodilla-course-tasks\build\resources\test;C:\Users\Dell\kodilla-course-tasks\build\classes\main;C:\Users\Dell\kodilla-course-tasks\build\resources\main;C:\Users\Dell\.gradle\caches\modules-2\files-2.1\org.springframework.boot\spring-boot-starter-web\1.5.11.RELEASE\b3d6236a297ae236fbc3fef0cf0301b8e0eef658\spring-boot-starter-web-1.5.11.RELEASE.jar;C:\Users\Dell\.gradle\caches\modules-2\files-2.1\org.projectlombok\lombok\1.16.20\ac76d9b956045631d1561a09289cbf472e077c01\lombok-1.16.20.jar;C:\Users\Dell\.gradle\caches\modules-2\files-2.1\org.springframework.boot\spring-boot-starter-data-jpa\1.5.11.RELEASE\8fccb61592035e3df36c4a2575bc61f72d1f0736\spring-boot-starter-data-jpa-1.5.11.RELEASE.jar;C:\Users\Dell\.gradle\caches\modules-2\files-2.1\mysql\mysql-connector-java\5.1.46\9a3e63b387e376364211e96827bc27db8d7a92e9\mysql-connector-java-5.1.46.jar;C:\Users\Dell\.gradle\caches\modules-2\files-2.1\org.springframework.boot\spring-boot-starter-mail\1.5.12.RELEASE\965dc863c92d8b7cdbac5d2da6b5a41e3b0ddd3a\spring-boot-starter-mail-1.5.12.RELEASE.jar;C:\Users\Dell\.gradle\caches\modules-2\files-2.1\org.springframework.boot\spring-boot-starter-actuator\1.5.11.RELEASE\4aa6d74e798ca19ccf30df80c6a1c2e1169d12e6\spring-boot-starter-actuator-1.5.11.RELEASE.jar;C:\Users\Dell\.gradle\caches\modules-2\files-2.1\com.google.code.gson\gson\2.8.2\3edcfe49d2c6053a70a2a47e4e1c2f94998a49cf\gson-2.8.2.jar;C:\Users\Dell\.gradle\caches\modules-2\files-2.1\io.springfox\springfox-swagger2\2.7.0\dd28b7ce26af1209d6ef19f5f24a8c23b41ca6fc\springfox-swagger2-2.7.0.jar;C:\Users\Dell\.gradle\caches\modules-2\files-2.1\io.springfox\springfox-swagger-ui\2.7.0\92608eb6c2056810b4e3189196b4e8cce645d6de\springfox-swagger-ui-2.7.0.jar;C:\Users\Dell\.gradle\caches\modules-2\files-2.1\org.springframework.boot\spring-boot-starter-test\1.5.11.RELEASE\ae2df4af572a226607bc4a4e1ee123ed4cfb4f93\spring-boot-starter-test-1.5.11.RELEASE.jar;C:\Users\Dell\.gradle\caches\modules-2\files-2.1\junit\junit\4.12\2973d150c0dc1fefe998f834810d68f278ea58ec\junit-4.12.jar;C:\Users\Dell\.gradle\caches\modules-2\files-2.1\org.springframework.boot\spring-boot-starter\1.5.11.RELEASE\b2a32959d279edc639e61e33c812a046347d4586\spring-boot-starter-1.5.11.RELEASE.jar;C:\Users\Dell\.gradle\caches\modules-2\files-2.1\org.springframework.boot\spring-boot-starter-tomcat\1.5.11.RELEASE\451712cd1e0ee13c2ec8af0c2b75c4cfcf63a6c6\spring-boot-starter-tomcat-1.5.11.RELEASE.jar;C:\Users\Dell\.gradle\caches\modules-2\files-2.1\org.hibernate\hibernate-validator\5.3.6.Final\4c730be8bf55a8e9a61e79a2f2c079abf48b718\hibernate-validator-5.3.6.Final.jar;C:\Users\Dell\.gradle\caches\modules-2\files-2.1\com.fasterxml.jackson.core\jackson-databind\2.8.11.1\341edc63fdd8b44e17b2c36abbc9b451d8fd05a5\jackson-databind-2.8.11.1.jar;C:\Users\Dell\.gradle\caches\modules-2\files-2.1\org.springframework\spring-web\4.3.15.RELEASE\d32c8932a5652f5ad461faa20f973891c1ce3b4c\spring-web-4.3.15.RELEASE.jar;C:\Users\Dell\.gradle\caches\modules-2\files-2.1\org.springframework\spring-webmvc\4.3.15.RELEASE\8b8b508a96de50eb7dd9e436f77388a4c94e313a\spring-webmvc-4.3.15.RELEASE.jar;C:\Users\Dell\.gradle\caches\modules-2\files-2.1\org.springframework.boot\spring-boot-starter-aop\1.5.11.RELEASE\63586ea987de7164f4f851039dcb374bb1285ceb\spring-boot-starter-aop-1.5.11.RELEASE.jar;C:\Users\Dell\.gradle\caches\modules-2\files-2.1\org.springframework.boot\spring-boot-starter-jdbc\1.5.11.RELEASE\aa5921df780dc529dd2806db0d15182d36e540ce\spring-boot-starter-jdbc-1.5.11.RELEASE.jar;C:\Users\Dell\.gradle\caches\modules-2\files-2.1\org.hibernate\hibernate-core\5.0.12.Final\e58bf1c660e6706d8e2cbb53bae110f574366102\hibernate-core-5.0.12.Final.jar;C:\Users\Dell\.gradle\caches\modules-2\files-2.1\org.hibernate\hibernate-entitymanager\5.0.12.Final\302a526f5058290e9cbd719a5caf9f248d344719\hibernate-entitymanager-5.0.12.Final.jar;C:\Users\Dell\.gradle\caches\modules-2\files-2.1\javax.transaction\javax.transaction-api\1.2\d81aff979d603edd90dcd8db2abc1f4ce6479e3e\javax.transaction-api-1.2.jar;C:\Users\Dell\.gradle\caches\modules-2\files-2.1\org.springframework.data\spring-data-jpa\1.11.11.RELEASE\ac76e9ecc10850ac324f762ecb947d67d1670c82\spring-data-jpa-1.11.11.RELEASE.jar;C:\Users\Dell\.gradle\caches\modules-2\files-2.1\org.springframework\spring-aspects\4.3.15.RELEASE\75875ee1d989174406b770042709d98f42394fab\spring-aspects-4.3.15.RELEASE.jar;C:\Users\Dell\.gradle\caches\modules-2\files-2.1\org.springframework\spring-context\4.3.15.RELEASE\7e6083e4584790e20d0f7d0b5ae08ca8433efac6\spring-context-4.3.15.RELEASE.jar;C:\Users\Dell\.gradle\caches\modules-2\files-2.1\org.springframework\spring-context-support\4.3.15.RELEASE\8e735c0d3cff3a7704a1fe81d147ba830e902003\spring-context-support-4.3.15.RELEASE.jar;C:\Users\Dell\.gradle\caches\modules-2\files-2.1\com.sun.mail\javax.mail\1.5.6\ab5daef2f881c42c8e280cbe918ec4d7fdfd7efe\javax.mail-1.5.6.jar;C:\Users\Dell\.gradle\caches\modules-2\files-2.1\org.springframework.boot\spring-boot-actuator\1.5.11.RELEASE\79375901ae6cb43d0f6997f5da37653ce32accfe\spring-boot-actuator-1.5.11.RELEASE.jar;C:\Users\Dell\.gradle\caches\modules-2\files-2.1\io.swagger\swagger-annotations\1.5.13\72433c890a61a876d22063e269be421c810a1a8d\swagger-annotations-1.5.13.jar;C:\Users\Dell\.gradle\caches\modules-2\files-2.1\io.swagger\swagger-models\1.5.13\571a0046f35f9dac569a1870465248595e33ccdb\swagger-models-1.5.13.jar;C:\Users\Dell\.gradle\caches\modules-2\files-2.1\io.springfox\springfox-spi\2.7.0\dab14edcb863dd506278dc950908b4f684e93b7\springfox-spi-2.7.0.jar;C:\Users\Dell\.gradle\caches\modules-2\files-2.1\io.springfox\springfox-schema\2.7.0\aab297a6781e829b9d6bac514a4dc860966c3c8d\springfox-schema-2.7.0.jar;C:\Users\Dell\.gradle\caches\modules-2\files-2.1\io.springfox\springfox-swagger-common\2.7.0\5a632aecc733753887f90592382fa271e546062a\springfox-swagger-common-2.7.0.jar;C:\Users\Dell\.gradle\caches\modules-2\files-2.1\io.springfox\springfox-spring-web\2.7.0\a54be5572b6b5210f6892e13d6b136dde5e96bf6\springfox-spring-web-2.7.0.jar;C:\Users\Dell\.gradle\caches\modules-2\files-2.1\com.fasterxml\classmate\1.3.4\3d5f48f10bbe4eb7bd862f10c0583be2e0053c6\classmate-1.3.4.jar;C:\Users\Dell\.gradle\caches\modules-2\files-2.1\org.slf4j\slf4j-api\1.7.25\da76ca59f6a57ee3102f8f9bd9cee742973efa8a\slf4j-api-1.7.25.jar;C:\Users\Dell\.gradle\caches\modules-2\files-2.1\org.springframework.plugin\spring-plugin-core\1.2.0.RELEASE\f380e7760032e7d929184f8ad8a33716b75c0657\spring-plugin-core-1.2.0.RELEASE.jar;C:\Users\Dell\.gradle\caches\modules-2\files-2.1\org.springframework.plugin\spring-plugin-metadata\1.2.0.RELEASE\97223fc496b6cab31602eedbd4202aa4fff0d44f\spring-plugin-metadata-1.2.0.RELEASE.jar;C:\Users\Dell\.gradle\caches\modules-2\files-2.1\org.mapstruct\mapstruct\1.1.0.Final\65b81fa5234e1fd8461b77bbccee7b9ebc0bbbb2\mapstruct-1.1.0.Final.jar;C:\Users\Dell\.gradle\caches\modules-2\files-2.1\org.springframework.boot\spring-boot-test\1.5.11.RELEASE\5829f38612269e5d497b0c25ccfa4af22d11fe29\spring-boot-test-1.5.11.RELEASE.jar;C:\Users\Dell\.gradle\caches\modules-2\files-2.1\org.springframework.boot\spring-boot-test-autoconfigure\1.5.11.RELEASE\538c51a04ad4128aed954223ce610549c22c874e\spring-boot-test-autoconfigure-1.5.11.RELEASE.jar;C:\Users\Dell\.gradle\caches\modules-2\files-2.1\com.jayway.jsonpath\json-path\2.2.0\22290d17944bd239fabf5ac69005a60a7ecbbbcb\json-path-2.2.0.jar;C:\Users\Dell\.gradle\caches\modules-2\files-2.1\org.assertj\assertj-core\2.6.0\b532c3fc4f66bcfee4989a3514f1cd56203a33ad\assertj-core-2.6.0.jar;C:\Users\Dell\.gradle\caches\modules-2\files-2.1\org.mockito\mockito-core\1.10.19\e8546f5bef4e061d8dd73895b4e8f40e3fe6effe\mockito-core-1.10.19.jar;C:\Users\Dell\.gradle\caches\modules-2\files-2.1\org.hamcrest\hamcrest-core\1.3\42a25dc3219429f0e5d060061f71acb49bf010a0\hamcrest-core-1.3.jar;C:\Users\Dell\.gradle\caches\modules-2\files-2.1\org.hamcrest\hamcrest-library\1.3\4785a3c21320980282f9f33d0d1264a69040538f\hamcrest-library-1.3.jar;C:\Users\Dell\.gradle\caches\modules-2\files-2.1\org.skyscreamer\jsonassert\1.4.0\9cdbb373a06f6513e51e8c545ee6a5e981463edb\jsonassert-1.4.0.jar;C:\Users\Dell\.gradle\caches\modules-2\files-2.1\org.springframework\spring-core\4.3.15.RELEASE\3bc65da5d1e629ab7b06bf9db088336a886bf38c\spring-core-4.3.15.RELEASE.jar;C:\Users\Dell\.gradle\caches\modules-2\files-2.1\org.springframework\spring-test\4.3.15.RELEASE\7ad461e3441f1ebf021213a3ccedcdf377c0a974\spring-test-4.3.15.RELEASE.jar;C:\Users\Dell\.gradle\caches\modules-2\files-2.1\org.springframework.boot\spring-boot\1.5.11.RELEASE\c8b31735cbe9cfc3d6174f3c48cb77cf3a65fc0f\spring-boot-1.5.11.RELEASE.jar;C:\Users\Dell\.gradle\caches\modules-2\files-2.1\org.springframework.boot\spring-boot-autoconfigure\1.5.11.RELEASE\2c5fedf91bb7e42d27ffbfc61d5a4f0b71e7620\spring-boot-autoconfigure-1.5.11.RELEASE.jar;C:\Users\Dell\.gradle\caches\modules-2\files-2.1\org.springframework.boot\spring-boot-starter-logging\1.5.11.RELEASE\f9f335055b7622a41f78075cbdfb4b231112995f\spring-boot-starter-logging-1.5.11.RELEASE.jar;C:\Users\Dell\.gradle\caches\modules-2\files-2.1\org.yaml\snakeyaml\1.17\7a27ea250c5130b2922b86dea63cbb1cc10a660c\snakeyaml-1.17.jar;C:\Users\Dell\.gradle\caches\modules-2\files-2.1\org.apache.tomcat.embed\tomcat-embed-core\8.5.29\51eac5adde4bc019261b787cb99e5548206908e6\tomcat-embed-core-8.5.29.jar;C:\Users\Dell\.gradle\caches\modules-2\files-2.1\org.apache.tomcat.embed\tomcat-embed-el\8.5.29\893fb2c87ec1aa248a7911d76c0c06b3fca6bc9b\tomcat-embed-el-8.5.29.jar;C:\Users\Dell\.gradle\caches\modules-2\files-2.1\org.apache.tomcat.embed\tomcat-embed-websocket\8.5.29\37786f4ca8a1597a91a0f437e659a76d1fcc5bf1\tomcat-embed-websocket-8.5.29.jar;C:\Users\Dell\.gradle\caches\modules-2\files-2.1\javax.validation\validation-api\1.1.0.Final\8613ae82954779d518631e05daa73a6a954817d5\validation-api-1.1.0.Final.jar;C:\Users\Dell\.gradle\caches\modules-2\files-2.1\org.jboss.logging\jboss-logging\3.3.2.Final\3789d00e859632e6c6206adc0c71625559e6e3b0\jboss-logging-3.3.2.Final.jar;C:\Users\Dell\.gradle\caches\modules-2\files-2.1\com.fasterxml.jackson.core\jackson-annotations\2.8.0\45b426f7796b741035581a176744d91090e2e6fb\jackson-annotations-2.8.0.jar;C:\Users\Dell\.gradle\caches\modules-2\files-2.1\com.fasterxml.jackson.core\jackson-core\2.8.11\876ead1db19f0c9e79c9789273a3ef8c6fd6c29b\jackson-core-2.8.11.jar;C:\Users\Dell\.gradle\caches\modules-2\files-2.1\org.springframework\spring-aop\4.3.15.RELEASE\ad6d33979070888c8c062faaa178f63ed49b12c2\spring-aop-4.3.15.RELEASE.jar;C:\Users\Dell\.gradle\caches\modules-2\files-2.1\org.springframework\spring-beans\4.3.15.RELEASE\fcf735969a5b003c2b7973db6914bd275836fccd\spring-beans-4.3.15.RELEASE.jar;C:\Users\Dell\.gradle\caches\modules-2\files-2.1\org.springframework\spring-expression\4.3.15.RELEASE\7f94935a5f152a034211bc40c95eb7e81f0a525a\spring-expression-4.3.15.RELEASE.jar;C:\Users\Dell\.gradle\caches\modules-2\files-2.1\org.aspectj\aspectjweaver\1.8.13\ad94df2a28d658a40dc27bbaff6a1ce5fbf04e9b\aspectjweaver-1.8.13.jar;C:\Users\Dell\.gradle\caches\modules-2\files-2.1\org.apache.tomcat\tomcat-jdbc\8.5.29\5fc2bee83633735b31831b7fffa13040100b5eae\tomcat-jdbc-8.5.29.jar;C:\Users\Dell\.gradle\caches\modules-2\files-2.1\org.springframework\spring-jdbc\4.3.15.RELEASE\58c63357ee9721954764a38a88df92d24e79316d\spring-jdbc-4.3.15.RELEASE.jar;C:\Users\Dell\.gradle\caches\modules-2\files-2.1\org.hibernate.javax.persistence\hibernate-jpa-2.1-api\1.0.0.Final\5e731d961297e5a07290bfaf3db1fbc8bbbf405a\hibernate-jpa-2.1-api-1.0.0.Final.jar;C:\Users\Dell\.gradle\caches\modules-2\files-2.1\org.javassist\javassist\3.21.0-GA\598244f595db5c5fb713731eddbb1c91a58d959b\javassist-3.21.0-GA.jar;C:\Users\Dell\.gradle\caches\modules-2\files-2.1\antlr\antlr\2.7.7\83cd2cd674a217ade95a4bb83a8a14f351f48bd0\antlr-2.7.7.jar;C:\Users\Dell\.gradle\caches\modules-2\files-2.1\org.jboss\jandex\2.0.0.Final\3e899258936f94649c777193e1be846387ed54b3\jandex-2.0.0.Final.jar;C:\Users\Dell\.gradle\caches\modules-2\files-2.1\dom4j\dom4j\1.6.1\5d3ccc056b6f056dbf0dddfdf43894b9065a8f94\dom4j-1.6.1.jar;C:\Users\Dell\.gradle\caches\modules-2\files-2.1\org.hibernate.common\hibernate-commons-annotations\5.0.1.Final\71e1cff3fcb20d3b3af4f3363c3ddb24d33c6879\hibernate-commons-annotations-5.0.1.Final.jar;C:\Users\Dell\.gradle\caches\modules-2\files-2.1\org.springframework.data\spring-data-commons\1.13.11.RELEASE\481434bd66c1cf6ff72902a89ad778156e924382\spring-data-commons-1.13.11.RELEASE.jar;C:\Users\Dell\.gradle\caches\modules-2\files-2.1\org.springframework\spring-orm\4.3.15.RELEASE\3ea352c23e7d6e18f7795db2a3872c4fe97c42d\spring-orm-4.3.15.RELEASE.jar;C:\Users\Dell\.gradle\caches\modules-2\files-2.1\org.springframework\spring-tx\4.3.15.RELEASE\5d30e4dbc2ac49aa5b672e1bd63d034a5ea8e33e\spring-tx-4.3.15.RELEASE.jar;C:\Users\Dell\.gradle\caches\modules-2\files-2.1\org.slf4j\jcl-over-slf4j\1.7.25\f8c32b13ff142a513eeb5b6330b1588dcb2c0461\jcl-over-slf4j-1.7.25.jar;C:\Users\Dell\.gradle\caches\modules-2\files-2.1\javax.activation\activation\1.1\e6cb541461c2834bdea3eb920f1884d1eb508b50\activation-1.1.jar;C:\Users\Dell\.gradle\caches\modules-2\files-2.1\io.springfox\springfox-core\2.7.0\f3e6d1cf5170b4b56ee0a00c1b3b05221f2ecb96\springfox-core-2.7.0.jar;C:\Users\Dell\.gradle\caches\modules-2\files-2.1\org.reflections\reflections\0.9.11\4c686033d918ec1727e329b7222fcb020152e32b\reflections-0.9.11.jar;C:\Users\Dell\.gradle\caches\modules-2\files-2.1\net.minidev\json-smart\2.2.1\5b9e5df7a62d1279b70dc882b041d249c4f0b002\json-smart-2.2.1.jar;C:\Users\Dell\.gradle\caches\modules-2\files-2.1\org.objenesis\objenesis\2.1\87c0ea803b69252868d09308b4618f766f135a96\objenesis-2.1.jar;C:\Users\Dell\.gradle\caches\modules-2\files-2.1\com.vaadin.external.google\android-json\0.0.20131108.vaadin1\fa26d351fe62a6a17f5cda1287c1c6110dec413f\android-json-0.0.20131108.vaadin1.jar;C:\Users\Dell\.gradle\caches\modules-2\files-2.1\ch.qos.logback\logback-classic\1.1.11\ccedfbacef4a6515d2983e3f89ed753d5d4fb665\logback-classic-1.1.11.jar;C:\Users\Dell\.gradle\caches\modules-2\files-2.1\org.slf4j\jul-to-slf4j\1.7.25\af5364cd6679bfffb114f0dec8a157aaa283b76\jul-to-slf4j-1.7.25.jar;C:\Users\Dell\.gradle\caches\modules-2\files-2.1\org.slf4j\log4j-over-slf4j\1.7.25\a87bb47468f47ee7aabbd54f93e133d4215769c3\log4j-over-slf4j-1.7.25.jar;C:\Users\Dell\.gradle\caches\modules-2\files-2.1\org.apache.tomcat\tomcat-annotations-api\8.5.29\5505a72b5e7d6c2324d3f104cdd613a5770b4601\tomcat-annotations-api-8.5.29.jar;C:\Users\Dell\.gradle\caches\modules-2\files-2.1\org.apache.tomcat\tomcat-juli\8.5.29\61b2514e169d96c7f5c2e1a9cf6901b493fb2301\tomcat-juli-8.5.29.jar;C:\Users\Dell\.gradle\caches\modules-2\files-2.1\net.bytebuddy\byte-buddy\1.6.14\871c3e49dc6183d0d361601c2f1d11abb1a6b48c\byte-buddy-1.6.14.jar;C:\Users\Dell\.gradle\caches\modules-2\files-2.1\net.minidev\accessors-smart\1.1\a527213f2fea112a04c9bdf0ec0264e34104cd08\accessors-smart-1.1.jar;C:\Users\Dell\.gradle\caches\modules-2\files-2.1\ch.qos.logback\logback-core\1.1.11\88b8df40340eed549fb07e2613879bf6b006704d\logback-core-1.1.11.jar;C:\Users\Dell\.gradle\caches\modules-2\files-2.1\org.ow2.asm\asm\5.0.3\dcc2193db20e19e1feca8b1240dbbc4e190824fa\asm-5.0.3.jar;C:\Users\Dell\.gradle\caches\modules-2\files-2.1\com.google.guava\guava\20.0\89507701249388e1ed5ddcf8c41f4ce1be7831ef\guava-20.0.jar, user.name=Dell, java.vm.specification.version=1.8, sun.java.command=worker.org.gradle.process.internal.worker.GradleWorkerMain 'Gradle Test Executor 1', java.home=C:\Program Files\Java\jdk1.8.0_171\jre, sun.arch.data.model=64, user.language=pl, java.specification.vendor=Oracle Corporation, awt.toolkit=sun.awt.windows.WToolkit, java.vm.info=mixed mode, java.version=1.8.0_171, java.ext.dirs=C:\Program Files\Java\jdk1.8.0_171\jre\lib\ext;C:\Windows\Sun\Java\lib\ext, sun.boot.class.path=C:\Program Files\Java\jdk1.8.0_171\jre\lib\resources.jar;C:\Program Files\Java\jdk1.8.0_171\jre\lib\rt.jar;C:\Program Files\Java\jdk1.8.0_171\jre\lib\sunrsasign.jar;C:\Program Files\Java\jdk1.8.0_171\jre\lib\jsse.jar;C:\Program Files\Java\jdk1.8.0_171\jre\lib\jce.jar;C:\Program Files\Java\jdk1.8.0_171\jre\lib\charsets.jar;C:\Program Files\Java\jdk1.8.0_171\jre\lib\jfr.jar;C:\Program Files\Java\jdk1.8.0_171\jre\classes, java.vendor=Oracle Corporation, org.gradle.test.worker=1, file.separator=\, java.vendor.url.bug=http://bugreport.sun.com/bugreport/, sun.io.unicode.encoding=UnicodeLittle, sun.cpu.endian=little, sun.desktop=windows, sun.cpu.isalist=amd64}}, SystemEnvironmentPropertySource@488872332 {name='systemEnvironment', properties={PROCESSOR_LEVEL=6, FP_NO_HOST_CHECK=NO, SESSIONNAME=Console, ALLUSERSPROFILE=C:\ProgramData, PROCESSOR_ARCHITECTURE=AMD64, PSModulePath=C:\Windows\system32\WindowsPowerShell\v1.0\Modules\, SystemDrive=C:, DIRNAME=C:\Users\Dell\kodilla-course-tasks\, USERNAME=Dell, CMD_LINE_ARGS=build, ProgramFiles(x86)=C:\Program Files (x86), APP_HOME=C:\Users\Dell\kodilla-course-tasks\, PATHEXT=.COM;.EXE;.BAT;.CMD;.VBS;.VBE;.JS;.JSE;.WSF;.WSH;.MSC, ProgramData=C:\ProgramData, ProgramW6432=C:\Program Files, HOMEPATH=\Users\Dell, PROCESSOR_IDENTIFIER=Intel64 Family 6 Model 23 Stepping 6, GenuineIntel, ProgramFiles=C:\Program Files, PUBLIC=C:\Users\Public, windir=C:\Windows, =::=::\, _SKIP=2, LOCALAPPDATA=C:\Users\Dell\AppData\Local, USERDOMAIN=Dell-Komputer, LOGONSERVER=\\DELL-KOMPUTER, JAVA_HOME=C:\Program Files\Java\jdk1.8.0_171, PROMPT=$P$G, =C:=C:\Users\Dell\kodilla-course-tasks, APPDATA=C:\Users\Dell\AppData\Roaming, JAVA_EXE=C:\Program Files\Java\jdk1.8.0_171/bin/java.exe, windows_tracing_logfile=C:\BVTBin\Tests\installpackage\csilogfile.log, CommonProgramFiles=C:\Program Files\Common Files, Path=C:\Program Files\Java\jdk1.8.0_171\bin;C:\Program Files\Git\cmd;C:\Program Files\Git\mingw64\bin;C:\Program Files\Git\usr\bin;C:\gradle-4.7\bin;C:\Users\Dell\AppData\Local\Programs\Python\Python36-32\Scripts\;C:\Users\Dell\AppData\Local\Programs\Python\Python36-32\;C:\Program Files\Heroku\bin;C:\Windows\System32, OS=Windows_NT, windows_tracing_flags=3, COMPUTERNAME=DELL-KOMPUTER, CATALINA_HOME=C:\apache-tomcat-9.0.7, PROCESSOR_REVISION=1706, CLASSPATH=C:\Users\Dell\kodilla-course-tasks\\gradle\wrapper\gradle-wrapper.jar, CommonProgramW6432=C:\Program Files\Common Files, ComSpec=C:\Windows\system32\cmd.exe, APP_BASE_NAME=gradlew, SystemRoot=C:\Windows, TEMP=C:\Users\Dell\AppData\Local\Temp, HOMEDRIVE=C:, USERPROFILE=C:\Users\Dell, TMP=C:\Users\Dell\AppData\Local\Temp, CommonProgramFiles(x86)=C:\Program Files (x86)\Common Files, NUMBER_OF_PROCESSORS=2}}]
19:39:31.782 [Test worker] DEBUG org.springframework.core.env.MutablePropertySources - Adding PropertySource 'inline' with highest search precedence
19:39:31.808 [Test worker] DEBUG org.springframework.test.context.support.TestPropertySourceUtils - Adding inlined properties to environment: {spring.jmx.enabled=false, org.springframework.boot.test.autoconfigure.web.servlet.WebMvcTestContextBootstrapper=true, server.port=-1}
19:39:31.810 [Test worker] DEBUG org.springframework.core.env.StandardEnvironment - Adding PropertySource 'Inlined Test Properties' with highest search precedence

  .   ____          _            __ _ _
 /\\ / ___'_ __ _ _(_)_ __  __ _ \ \ \ \
( ( )\___ | '_ | '_| | '_ \/ _` | \ \ \ \
 \\/  ___)| |_)| | | | | || (_| |  ) ) ) )
  '  |____| .__|_| |_|_| |_\__, | / / / /
 =========|_|==============|___/=/_/_/_/
 :: Spring Boot ::       (v1.5.11.RELEASE)

2018-05-26 19:39:33.411  INFO 2964 --- [    Test worker] c.c.tasks.controller.TaskControllerTest  : Starting TaskControllerTest on Dell-Komputer with PID 2964 (started by Dell in C:\Users\Dell\kodilla-course-tasks)
2018-05-26 19:39:33.425  INFO 2964 --- [    Test worker] c.c.tasks.controller.TaskControllerTest  : No active profile set, falling back to default profiles: default
2018-05-26 19:39:33.593  INFO 2964 --- [    Test worker] o.s.w.c.s.GenericWebApplicationContext   : Refreshing org.springframework.web.context.support.GenericWebApplicationContext@55339c88: startup date [Sat May 26 19:39:33 CEST 2018]; root of context hierarchy
2018-05-26 19:39:42.880  INFO 2964 --- [    Test worker] s.w.s.m.m.a.RequestMappingHandlerMapping : Mapped "{[/v1/task/getTask],methods=[GET]}" onto public com.crud.tasks.domain.TaskDto com.crud.tasks.controller.TaskController.getTask(java.lang.Long) throws com.crud.tasks.controller.TaskNotFoundException
2018-05-26 19:39:42.894  INFO 2964 --- [    Test worker] s.w.s.m.m.a.RequestMappingHandlerMapping : Mapped "{[/v1/task/deleteTask],methods=[DELETE]}" onto public void com.crud.tasks.controller.TaskController.deleteTask(java.lang.Long)
2018-05-26 19:39:42.898  INFO 2964 --- [    Test worker] s.w.s.m.m.a.RequestMappingHandlerMapping : Mapped "{[/v1/task/getTasks],methods=[GET]}" onto public java.util.List<com.crud.tasks.domain.TaskDto> com.crud.tasks.controller.TaskController.getTasks()
2018-05-26 19:39:42.906  INFO 2964 --- [    Test worker] s.w.s.m.m.a.RequestMappingHandlerMapping : Mapped "{[/v1/task/updateTask],methods=[PUT]}" onto public com.crud.tasks.domain.TaskDto com.crud.tasks.controller.TaskController.updateTask(com.crud.tasks.domain.TaskDto)
2018-05-26 19:39:42.910  INFO 2964 --- [    Test worker] s.w.s.m.m.a.RequestMappingHandlerMapping : Mapped "{[/v1/task/createTask],methods=[POST],consumes=[application/json]}" onto public void com.crud.tasks.controller.TaskController.createTask(com.crud.tasks.domain.TaskDto)
2018-05-26 19:39:42.928  INFO 2964 --- [    Test worker] s.w.s.m.m.a.RequestMappingHandlerMapping : Mapped "{[/swagger-resources]}" onto public org.springframework.http.ResponseEntity<java.util.List<springfox.documentation.swagger.web.SwaggerResource>> springfox.documentation.swagger.web.ApiResourceController.swaggerResources()
2018-05-26 19:39:42.930  INFO 2964 --- [    Test worker] s.w.s.m.m.a.RequestMappingHandlerMapping : Mapped "{[/swagger-resources/configuration/ui]}" onto public org.springframework.http.ResponseEntity<springfox.documentation.swagger.web.UiConfiguration> springfox.documentation.swagger.web.ApiResourceController.uiConfiguration()
2018-05-26 19:39:42.933  INFO 2964 --- [    Test worker] s.w.s.m.m.a.RequestMappingHandlerMapping : Mapped "{[/swagger-resources/configuration/security]}" onto public org.springframework.http.ResponseEntity<springfox.documentation.swagger.web.SecurityConfiguration> springfox.documentation.swagger.web.ApiResourceController.securityConfiguration()
2018-05-26 19:39:42.949  INFO 2964 --- [    Test worker] s.w.s.m.m.a.RequestMappingHandlerMapping : Mapped "{[/error]}" onto public org.springframework.http.ResponseEntity<java.util.Map<java.lang.String, java.lang.Object>> org.springframework.boot.autoconfigure.web.BasicErrorController.error(javax.servlet.http.HttpServletRequest)
2018-05-26 19:39:42.952  INFO 2964 --- [    Test worker] s.w.s.m.m.a.RequestMappingHandlerMapping : Mapped "{[/error],produces=[text/html]}" onto public org.springframework.web.servlet.ModelAndView org.springframework.boot.autoconfigure.web.BasicErrorController.errorHtml(javax.servlet.http.HttpServletRequest,javax.servlet.http.HttpServletResponse)
2018-05-26 19:39:43.643  INFO 2964 --- [    Test worker] pertySourcedRequestMappingHandlerMapping : Mapped URL path [/v2/api-docs] onto method [public org.springframework.http.ResponseEntity<springfox.documentation.spring.web.json.Json> springfox.documentation.swagger2.web.Swagger2Controller.getDocumentation(java.lang.String,javax.servlet.http.HttpServletRequest)]
2018-05-26 19:39:44.798  INFO 2964 --- [    Test worker] s.w.s.m.m.a.RequestMappingHandlerAdapter : Looking for @ControllerAdvice: org.springframework.web.context.support.GenericWebApplicationContext@55339c88: startup date [Sat May 26 19:39:33 CEST 2018]; root of context hierarchy
2018-05-26 19:39:45.043  INFO 2964 --- [    Test worker] o.s.w.s.handler.SimpleUrlHandlerMapping  : Mapped URL path [/lib/**] onto handler of type [class org.springframework.web.servlet.resource.ResourceHttpRequestHandler]
2018-05-26 19:39:45.044  INFO 2964 --- [    Test worker] o.s.w.s.handler.SimpleUrlHandlerMapping  : Mapped URL path [/images/**] onto handler of type [class org.springframework.web.servlet.resource.ResourceHttpRequestHandler]
2018-05-26 19:39:45.049  INFO 2964 --- [    Test worker] o.s.w.s.handler.SimpleUrlHandlerMapping  : Mapped URL path [/css/**] onto handler of type [class org.springframework.web.servlet.resource.ResourceHttpRequestHandler]
2018-05-26 19:39:45.050  INFO 2964 --- [    Test worker] o.s.w.s.handler.SimpleUrlHandlerMapping  : Mapped URL path [/swagger-ui.html] onto handler of type [class org.springframework.web.servlet.resource.ResourceHttpRequestHandler]
2018-05-26 19:39:45.055  INFO 2964 --- [    Test worker] o.s.w.s.handler.SimpleUrlHandlerMapping  : Mapped URL path [/webjars/**] onto handler of type [class org.springframework.web.servlet.resource.ResourceHttpRequestHandler]
2018-05-26 19:39:45.056  INFO 2964 --- [    Test worker] o.s.w.s.handler.SimpleUrlHandlerMapping  : Mapped URL path [/**] onto handler of type [class org.springframework.web.servlet.resource.ResourceHttpRequestHandler]
2018-05-26 19:39:45.208  INFO 2964 --- [    Test worker] o.s.w.s.handler.SimpleUrlHandlerMapping  : Mapped URL path [/**/favicon.ico] onto handler of type [class org.springframework.web.servlet.resource.ResourceHttpRequestHandler]
2018-05-26 19:39:45.790  INFO 2964 --- [    Test worker] o.s.b.t.m.w.SpringBootMockServletContext : Initializing Spring FrameworkServlet ''
2018-05-26 19:39:45.791  INFO 2964 --- [    Test worker] o.s.t.web.servlet.TestDispatcherServlet  : FrameworkServlet '': initialization started
2018-05-26 19:39:45.865  INFO 2964 --- [    Test worker] o.s.t.web.servlet.TestDispatcherServlet  : FrameworkServlet '': initialization completed in 72 ms
2018-05-26 19:39:46.461  INFO 2964 --- [    Test worker] o.s.c.support.DefaultLifecycleProcessor  : Starting beans in phase 2147483647
2018-05-26 19:39:46.462  INFO 2964 --- [    Test worker] d.s.w.p.DocumentationPluginsBootstrapper : Context refreshed
2018-05-26 19:39:46.650  INFO 2964 --- [    Test worker] d.s.w.p.DocumentationPluginsBootstrapper : Found 1 custom documentation plugin(s)
2018-05-26 19:39:46.856  INFO 2964 --- [    Test worker] s.d.s.w.s.ApiListingReferenceScanner     : Scanning for api listing references
2018-05-26 19:39:47.729  INFO 2964 --- [    Test worker] c.c.tasks.controller.TaskControllerTest  : Started TaskControllerTest in 15.871 seconds (JVM running for 22.101)
]]></system-out>
  <system-err><![CDATA[]]></system-err>
</testsuite>
