<?xml version="1.0" encoding="UTF-8"?>
<testsuite name="com.crud.tasks.controller.TrelloControllerTest" tests="3" skipped="0" failures="0" errors="0" timestamp="2018-05-29T19:33:06" hostname="Dell-Komputer" time="0.095">
  <properties/>
  <testcase name="shouldFetchTrelloBoards" classname="com.crud.tasks.controller.TrelloControllerTest" time="0.037"/>
  <testcase name="shouldFetchEmptyTrelloBoards" classname="com.crud.tasks.controller.TrelloControllerTest" time="0.016"/>
  <testcase name="shouldCreateTrelloCard" classname="com.crud.tasks.controller.TrelloControllerTest" time="0.029"/>
  <system-out><![CDATA[2018-05-29 21:33:01.746  INFO 2848 --- [    Test worker] .b.t.a.w.s.WebMvcTestContextBootstrapper : Neither @ContextConfiguration nor @ContextHierarchy found for test class [com.crud.tasks.controller.TrelloControllerTest], using SpringBootContextLoader
2018-05-29 21:33:01.749  INFO 2848 --- [    Test worker] o.s.t.c.support.AbstractContextLoader    : Could not detect default resource locations for test class [com.crud.tasks.controller.TrelloControllerTest]: no resource found for suffixes {-context.xml, Context.groovy}.
2018-05-29 21:33:01.751  INFO 2848 --- [    Test worker] t.c.s.AnnotationConfigContextLoaderUtils : Could not detect default configuration classes for test class [com.crud.tasks.controller.TrelloControllerTest]: TrelloControllerTest does not declare any static, non-private, non-final, nested classes annotated with @Configuration.
2018-05-29 21:33:01.816  INFO 2848 --- [    Test worker] .b.t.c.SpringBootTestContextBootstrapper : Found @SpringBootConfiguration com.crud.tasks.TasksApplication for test class com.crud.tasks.controller.TrelloControllerTest
2018-05-29 21:33:01.830  INFO 2848 --- [    Test worker] .b.t.a.w.s.WebMvcTestContextBootstrapper : Loaded default TestExecutionListener class names from location [META-INF/spring.factories]: [org.springframework.boot.test.mock.mockito.MockitoTestExecutionListener, org.springframework.boot.test.mock.mockito.ResetMocksTestExecutionListener, org.springframework.boot.test.autoconfigure.restdocs.RestDocsTestExecutionListener, org.springframework.boot.test.autoconfigure.web.client.MockRestServiceServerResetTestExecutionListener, org.springframework.boot.test.autoconfigure.web.servlet.MockMvcPrintOnlyOnFailureTestExecutionListener, org.springframework.boot.test.autoconfigure.web.servlet.WebDriverTestExecutionListener, org.springframework.test.context.web.ServletTestExecutionListener, org.springframework.test.context.support.DirtiesContextBeforeModesTestExecutionListener, org.springframework.test.context.support.DependencyInjectionTestExecutionListener, org.springframework.test.context.support.DirtiesContextTestExecutionListener, org.springframework.test.context.transaction.TransactionalTestExecutionListener, org.springframework.test.context.jdbc.SqlScriptsTestExecutionListener]
2018-05-29 21:33:01.838  INFO 2848 --- [    Test worker] .b.t.a.w.s.WebMvcTestContextBootstrapper : Using TestExecutionListeners: [org.springframework.test.context.web.ServletTestExecutionListener@77a49e8e, org.springframework.test.context.support.DirtiesContextBeforeModesTestExecutionListener@50160d95, org.springframework.boot.test.mock.mockito.MockitoTestExecutionListener@7822d842, org.springframework.boot.test.autoconfigure.SpringBootDependencyInjectionTestExecutionListener@701285d0, org.springframework.test.context.support.DirtiesContextTestExecutionListener@231125b2, org.springframework.test.context.transaction.TransactionalTestExecutionListener@438beee0, org.springframework.test.context.jdbc.SqlScriptsTestExecutionListener@2d05ce1b, org.springframework.boot.test.mock.mockito.ResetMocksTestExecutionListener@495df26e, org.springframework.boot.test.autoconfigure.restdocs.RestDocsTestExecutionListener@634b7242, org.springframework.boot.test.autoconfigure.web.client.MockRestServiceServerResetTestExecutionListener@7fab6c25, org.springframework.boot.test.autoconfigure.web.servlet.MockMvcPrintOnlyOnFailureTestExecutionListener@7cdd00dd, org.springframework.boot.test.autoconfigure.web.servlet.WebDriverTestExecutionListener@5ab543aa]

  .   ____          _            __ _ _
 /\\ / ___'_ __ _ _(_)_ __  __ _ \ \ \ \
( ( )\___ | '_ | '_| | '_ \/ _` | \ \ \ \
 \\/  ___)| |_)| | | | | || (_| |  ) ) ) )
  '  |____| .__|_| |_|_| |_\__, | / / / /
 =========|_|==============|___/=/_/_/_/
 :: Spring Boot ::       (v1.5.11.RELEASE)

2018-05-29 21:33:02.054  INFO 2848 --- [    Test worker] c.c.t.controller.TrelloControllerTest    : Starting TrelloControllerTest on Dell-Komputer with PID 2848 (started by Dell in C:\Users\Dell\kodilla-course-tasks)
2018-05-29 21:33:02.054  INFO 2848 --- [    Test worker] c.c.t.controller.TrelloControllerTest    : No active profile set, falling back to default profiles: default
2018-05-29 21:33:02.058  INFO 2848 --- [    Test worker] o.s.w.c.s.GenericWebApplicationContext   : Refreshing org.springframework.web.context.support.GenericWebApplicationContext@39aac6cf: startup date [Tue May 29 21:33:02 CEST 2018]; root of context hierarchy
2018-05-29 21:33:04.183  INFO 2848 --- [    Test worker] s.w.s.m.m.a.RequestMappingHandlerMapping : Mapped "{[/v1/trello/getTrelloBoards],methods=[GET]}" onto public java.util.List<com.crud.tasks.domain.TrelloBoardDto> com.crud.tasks.controller.TrelloController.getTrelloBoards()
2018-05-29 21:33:04.187  INFO 2848 --- [    Test worker] s.w.s.m.m.a.RequestMappingHandlerMapping : Mapped "{[/v1/trello/createTrelloCard],methods=[POST]}" onto public com.crud.tasks.domain.CreatedTrelloCardDto com.crud.tasks.controller.TrelloController.createTrelloCard(com.crud.tasks.domain.TrelloCardDto)
2018-05-29 21:33:04.196  INFO 2848 --- [    Test worker] s.w.s.m.m.a.RequestMappingHandlerMapping : Mapped "{[/swagger-resources/configuration/security]}" onto public org.springframework.http.ResponseEntity<springfox.documentation.swagger.web.SecurityConfiguration> springfox.documentation.swagger.web.ApiResourceController.securityConfiguration()
2018-05-29 21:33:04.198  INFO 2848 --- [    Test worker] s.w.s.m.m.a.RequestMappingHandlerMapping : Mapped "{[/swagger-resources]}" onto public org.springframework.http.ResponseEntity<java.util.List<springfox.documentation.swagger.web.SwaggerResource>> springfox.documentation.swagger.web.ApiResourceController.swaggerResources()
2018-05-29 21:33:04.200  INFO 2848 --- [    Test worker] s.w.s.m.m.a.RequestMappingHandlerMapping : Mapped "{[/swagger-resources/configuration/ui]}" onto public org.springframework.http.ResponseEntity<springfox.documentation.swagger.web.UiConfiguration> springfox.documentation.swagger.web.ApiResourceController.uiConfiguration()
2018-05-29 21:33:04.215  INFO 2848 --- [    Test worker] s.w.s.m.m.a.RequestMappingHandlerMapping : Mapped "{[/error]}" onto public org.springframework.http.ResponseEntity<java.util.Map<java.lang.String, java.lang.Object>> org.springframework.boot.autoconfigure.web.BasicErrorController.error(javax.servlet.http.HttpServletRequest)
2018-05-29 21:33:04.217  INFO 2848 --- [    Test worker] s.w.s.m.m.a.RequestMappingHandlerMapping : Mapped "{[/error],produces=[text/html]}" onto public org.springframework.web.servlet.ModelAndView org.springframework.boot.autoconfigure.web.BasicErrorController.errorHtml(javax.servlet.http.HttpServletRequest,javax.servlet.http.HttpServletResponse)
2018-05-29 21:33:04.723  INFO 2848 --- [    Test worker] pertySourcedRequestMappingHandlerMapping : Mapped URL path [/v2/api-docs] onto method [public org.springframework.http.ResponseEntity<springfox.documentation.spring.web.json.Json> springfox.documentation.swagger2.web.Swagger2Controller.getDocumentation(java.lang.String,javax.servlet.http.HttpServletRequest)]
2018-05-29 21:33:05.228  INFO 2848 --- [    Test worker] s.w.s.m.m.a.RequestMappingHandlerAdapter : Looking for @ControllerAdvice: org.springframework.web.context.support.GenericWebApplicationContext@39aac6cf: startup date [Tue May 29 21:33:02 CEST 2018]; root of context hierarchy
2018-05-29 21:33:05.331  INFO 2848 --- [    Test worker] o.s.w.s.handler.SimpleUrlHandlerMapping  : Mapped URL path [/lib/**] onto handler of type [class org.springframework.web.servlet.resource.ResourceHttpRequestHandler]
2018-05-29 21:33:05.332  INFO 2848 --- [    Test worker] o.s.w.s.handler.SimpleUrlHandlerMapping  : Mapped URL path [/images/**] onto handler of type [class org.springframework.web.servlet.resource.ResourceHttpRequestHandler]
2018-05-29 21:33:05.334  INFO 2848 --- [    Test worker] o.s.w.s.handler.SimpleUrlHandlerMapping  : Mapped URL path [/css/**] onto handler of type [class org.springframework.web.servlet.resource.ResourceHttpRequestHandler]
2018-05-29 21:33:05.335  INFO 2848 --- [    Test worker] o.s.w.s.handler.SimpleUrlHandlerMapping  : Mapped URL path [/swagger-ui.html] onto handler of type [class org.springframework.web.servlet.resource.ResourceHttpRequestHandler]
2018-05-29 21:33:05.336  INFO 2848 --- [    Test worker] o.s.w.s.handler.SimpleUrlHandlerMapping  : Mapped URL path [/webjars/**] onto handler of type [class org.springframework.web.servlet.resource.ResourceHttpRequestHandler]
2018-05-29 21:33:05.339  INFO 2848 --- [    Test worker] o.s.w.s.handler.SimpleUrlHandlerMapping  : Mapped URL path [/**] onto handler of type [class org.springframework.web.servlet.resource.ResourceHttpRequestHandler]
2018-05-29 21:33:05.439  INFO 2848 --- [    Test worker] o.s.w.s.handler.SimpleUrlHandlerMapping  : Mapped URL path [/**/favicon.ico] onto handler of type [class org.springframework.web.servlet.resource.ResourceHttpRequestHandler]
2018-05-29 21:33:05.878  INFO 2848 --- [    Test worker] o.s.b.t.m.w.SpringBootMockServletContext : Initializing Spring FrameworkServlet ''
2018-05-29 21:33:05.880  INFO 2848 --- [    Test worker] o.s.t.web.servlet.TestDispatcherServlet  : FrameworkServlet '': initialization started
2018-05-29 21:33:05.912  INFO 2848 --- [    Test worker] o.s.t.web.servlet.TestDispatcherServlet  : FrameworkServlet '': initialization completed in 32 ms
2018-05-29 21:33:06.141  INFO 2848 --- [    Test worker] o.s.c.support.DefaultLifecycleProcessor  : Starting beans in phase 2147483647
2018-05-29 21:33:06.142  INFO 2848 --- [    Test worker] d.s.w.p.DocumentationPluginsBootstrapper : Context refreshed
2018-05-29 21:33:06.144  INFO 2848 --- [    Test worker] d.s.w.p.DocumentationPluginsBootstrapper : Found 1 custom documentation plugin(s)
2018-05-29 21:33:06.187  INFO 2848 --- [    Test worker] s.d.s.w.s.ApiListingReferenceScanner     : Scanning for api listing references
2018-05-29 21:33:06.296  INFO 2848 --- [    Test worker] c.c.t.controller.TrelloControllerTest    : Started TrelloControllerTest in 4.433 seconds (JVM running for 31.272)
]]></system-out>
  <system-err><![CDATA[]]></system-err>
</testsuite>
