<?xml version="1.0" encoding="UTF-8"?>
<testsuite name="com.crud.tasks.covering.VariousTests" tests="4" skipped="0" failures="0" errors="0" timestamp="2018-05-26T17:39:54" hostname="Dell-Komputer" time="0.006">
  <properties/>
  <testcase name="testAttachmentsByTypeMethod" classname="com.crud.tasks.covering.VariousTests" time="0.003"/>
  <testcase name="testTrelloMethods" classname="com.crud.tasks.covering.VariousTests" time="0.0"/>
  <testcase name="testBadgesDtoMethods" classname="com.crud.tasks.covering.VariousTests" time="0.002"/>
  <testcase name="testTrelloConfigMethods" classname="com.crud.tasks.covering.VariousTests" time="0.001"/>
  <system-out><![CDATA[]]></system-out>
  <system-err><![CDATA[]]></system-err>
</testsuite>
