<?xml version="1.0" encoding="UTF-8"?>
<testsuite name="com.crud.tasks.mapper.TrelloMapperTest" tests="1" skipped="0" failures="0" errors="0" timestamp="2018-05-27T14:11:27" hostname="Dell-Komputer" time="0.033">
  <properties/>
  <testcase name="testOfTrelloMapperMethods" classname="com.crud.tasks.mapper.TrelloMapperTest" time="0.033"/>
  <system-out><![CDATA[2018-05-27 16:11:26.975  INFO 4652 --- [    Test worker] .b.t.c.SpringBootTestContextBootstrapper : Neither @ContextConfiguration nor @ContextHierarchy found for test class [com.crud.tasks.mapper.TrelloMapperTest], using SpringBootContextLoader
2018-05-27 16:11:26.978  INFO 4652 --- [    Test worker] o.s.t.c.support.AbstractContextLoader    : Could not detect default resource locations for test class [com.crud.tasks.mapper.TrelloMapperTest]: no resource found for suffixes {-context.xml, Context.groovy}.
2018-05-27 16:11:26.979  INFO 4652 --- [    Test worker] t.c.s.AnnotationConfigContextLoaderUtils : Could not detect default configuration classes for test class [com.crud.tasks.mapper.TrelloMapperTest]: TrelloMapperTest does not declare any static, non-private, non-final, nested classes annotated with @Configuration.
2018-05-27 16:11:26.998  INFO 4652 --- [    Test worker] .b.t.c.SpringBootTestContextBootstrapper : Found @SpringBootConfiguration com.crud.tasks.TasksApplication for test class com.crud.tasks.mapper.TrelloMapperTest
2018-05-27 16:11:27.009  INFO 4652 --- [    Test worker] .b.t.c.SpringBootTestContextBootstrapper : Loaded default TestExecutionListener class names from location [META-INF/spring.factories]: [org.springframework.boot.test.autoconfigure.restdocs.RestDocsTestExecutionListener, org.springframework.boot.test.autoconfigure.web.client.MockRestServiceServerResetTestExecutionListener, org.springframework.boot.test.autoconfigure.web.servlet.MockMvcPrintOnlyOnFailureTestExecutionListener, org.springframework.boot.test.autoconfigure.web.servlet.WebDriverTestExecutionListener, org.springframework.boot.test.mock.mockito.MockitoTestExecutionListener, org.springframework.boot.test.mock.mockito.ResetMocksTestExecutionListener, org.springframework.test.context.web.ServletTestExecutionListener, org.springframework.test.context.support.DirtiesContextBeforeModesTestExecutionListener, org.springframework.test.context.support.DependencyInjectionTestExecutionListener, org.springframework.test.context.support.DirtiesContextTestExecutionListener, org.springframework.test.context.transaction.TransactionalTestExecutionListener, org.springframework.test.context.jdbc.SqlScriptsTestExecutionListener]
2018-05-27 16:11:27.033  INFO 4652 --- [    Test worker] .b.t.c.SpringBootTestContextBootstrapper : Using TestExecutionListeners: [org.springframework.test.context.web.ServletTestExecutionListener@56350ccc, org.springframework.test.context.support.DirtiesContextBeforeModesTestExecutionListener@55c05d52, org.springframework.boot.test.mock.mockito.MockitoTestExecutionListener@5df01fed, org.springframework.boot.test.autoconfigure.SpringBootDependencyInjectionTestExecutionListener@3b686237, org.springframework.test.context.support.DirtiesContextTestExecutionListener@45c55afa, org.springframework.test.context.transaction.TransactionalTestExecutionListener@12b8a5dd, org.springframework.test.context.jdbc.SqlScriptsTestExecutionListener@4f6acf10, org.springframework.boot.test.autoconfigure.restdocs.RestDocsTestExecutionListener@376b6510, org.springframework.boot.test.autoconfigure.web.client.MockRestServiceServerResetTestExecutionListener@5896fb8d, org.springframework.boot.test.autoconfigure.web.servlet.MockMvcPrintOnlyOnFailureTestExecutionListener@f573b0f, org.springframework.boot.test.autoconfigure.web.servlet.WebDriverTestExecutionListener@165c77ba, org.springframework.boot.test.mock.mockito.ResetMocksTestExecutionListener@7a73c384]
trelloBoardList size is: 1
mappdedTrelloBoard size is: 1
newTrelloBoard size is: 1
]]></system-out>
  <system-err><![CDATA[]]></system-err>
</testsuite>
