<?xml version="1.0" encoding="UTF-8"?>
<testsuite name="com.crud.tasks.covering.DbServiceTest" tests="1" skipped="0" failures="0" errors="0" timestamp="2018-05-26T17:39:54" hostname="Dell-Komputer" time="0.003">
  <properties/>
  <testcase name="testGetAllTasks" classname="com.crud.tasks.covering.DbServiceTest" time="0.003"/>
  <system-out><![CDATA[]]></system-out>
  <system-err><![CDATA[]]></system-err>
</testsuite>
