<?xml version="1.0" encoding="UTF-8"?>
<testsuite name="com.crud.tasks.controller.TrelloControllerTest" tests="3" skipped="0" failures="0" errors="0" timestamp="2018-05-27T14:11:03" hostname="Dell-Komputer" time="0.102">
  <properties/>
  <testcase name="shouldFetchTrelloBoards" classname="com.crud.tasks.controller.TrelloControllerTest" time="0.039"/>
  <testcase name="shouldFetchEmptyTrelloBoards" classname="com.crud.tasks.controller.TrelloControllerTest" time="0.019"/>
  <testcase name="shouldCreateTrelloCard" classname="com.crud.tasks.controller.TrelloControllerTest" time="0.029"/>
  <system-out><![CDATA[2018-05-27 16:10:57.110  INFO 4652 --- [    Test worker] .b.t.a.w.s.WebMvcTestContextBootstrapper : Neither @ContextConfiguration nor @ContextHierarchy found for test class [com.crud.tasks.controller.TrelloControllerTest], using SpringBootContextLoader
2018-05-27 16:10:57.116  INFO 4652 --- [    Test worker] o.s.t.c.support.AbstractContextLoader    : Could not detect default resource locations for test class [com.crud.tasks.controller.TrelloControllerTest]: no resource found for suffixes {-context.xml, Context.groovy}.
2018-05-27 16:10:57.125  INFO 4652 --- [    Test worker] t.c.s.AnnotationConfigContextLoaderUtils : Could not detect default configuration classes for test class [com.crud.tasks.controller.TrelloControllerTest]: TrelloControllerTest does not declare any static, non-private, non-final, nested classes annotated with @Configuration.
2018-05-27 16:10:57.184  INFO 4652 --- [    Test worker] .b.t.c.SpringBootTestContextBootstrapper : Found @SpringBootConfiguration com.crud.tasks.TasksApplication for test class com.crud.tasks.controller.TrelloControllerTest
2018-05-27 16:10:57.199  INFO 4652 --- [    Test worker] .b.t.a.w.s.WebMvcTestContextBootstrapper : Loaded default TestExecutionListener class names from location [META-INF/spring.factories]: [org.springframework.boot.test.autoconfigure.restdocs.RestDocsTestExecutionListener, org.springframework.boot.test.autoconfigure.web.client.MockRestServiceServerResetTestExecutionListener, org.springframework.boot.test.autoconfigure.web.servlet.MockMvcPrintOnlyOnFailureTestExecutionListener, org.springframework.boot.test.autoconfigure.web.servlet.WebDriverTestExecutionListener, org.springframework.boot.test.mock.mockito.MockitoTestExecutionListener, org.springframework.boot.test.mock.mockito.ResetMocksTestExecutionListener, org.springframework.test.context.web.ServletTestExecutionListener, org.springframework.test.context.support.DirtiesContextBeforeModesTestExecutionListener, org.springframework.test.context.support.DependencyInjectionTestExecutionListener, org.springframework.test.context.support.DirtiesContextTestExecutionListener, org.springframework.test.context.transaction.TransactionalTestExecutionListener, org.springframework.test.context.jdbc.SqlScriptsTestExecutionListener]
2018-05-27 16:10:57.208  INFO 4652 --- [    Test worker] .b.t.a.w.s.WebMvcTestContextBootstrapper : Using TestExecutionListeners: [org.springframework.test.context.web.ServletTestExecutionListener@4f68b7e1, org.springframework.test.context.support.DirtiesContextBeforeModesTestExecutionListener@6bfe2e80, org.springframework.boot.test.mock.mockito.MockitoTestExecutionListener@4d4d7179, org.springframework.boot.test.autoconfigure.SpringBootDependencyInjectionTestExecutionListener@3eb69cf2, org.springframework.test.context.support.DirtiesContextTestExecutionListener@346be37a, org.springframework.test.context.transaction.TransactionalTestExecutionListener@2e7b5159, org.springframework.test.context.jdbc.SqlScriptsTestExecutionListener@81b2b56, org.springframework.boot.test.autoconfigure.restdocs.RestDocsTestExecutionListener@24067ab, org.springframework.boot.test.autoconfigure.web.client.MockRestServiceServerResetTestExecutionListener@69db34aa, org.springframework.boot.test.autoconfigure.web.servlet.MockMvcPrintOnlyOnFailureTestExecutionListener@1dde5151, org.springframework.boot.test.autoconfigure.web.servlet.WebDriverTestExecutionListener@4cce9827, org.springframework.boot.test.mock.mockito.ResetMocksTestExecutionListener@4d32c32a]

  .   ____          _            __ _ _
 /\\ / ___'_ __ _ _(_)_ __  __ _ \ \ \ \
( ( )\___ | '_ | '_| | '_ \/ _` | \ \ \ \
 \\/  ___)| |_)| | | | | || (_| |  ) ) ) )
  '  |____| .__|_| |_|_| |_\__, | / / / /
 =========|_|==============|___/=/_/_/_/
 :: Spring Boot ::       (v1.5.11.RELEASE)

2018-05-27 16:10:57.417  INFO 4652 --- [    Test worker] c.c.t.controller.TrelloControllerTest    : Starting TrelloControllerTest on Dell-Komputer with PID 4652 (started by Dell in C:\Users\Dell\kodilla-course-tasks)
2018-05-27 16:10:57.422  INFO 4652 --- [    Test worker] c.c.t.controller.TrelloControllerTest    : No active profile set, falling back to default profiles: default
2018-05-27 16:10:57.428  INFO 4652 --- [    Test worker] o.s.w.c.s.GenericWebApplicationContext   : Refreshing org.springframework.web.context.support.GenericWebApplicationContext@6bbb7e0a: startup date [Sun May 27 16:10:57 CEST 2018]; root of context hierarchy
2018-05-27 16:11:00.742  INFO 4652 --- [    Test worker] s.w.s.m.m.a.RequestMappingHandlerMapping : Mapped "{[/v1/trello/createTrelloCard],methods=[POST]}" onto public com.crud.tasks.domain.CreatedTrelloCardDto com.crud.tasks.controller.TrelloController.createTrelloCard(com.crud.tasks.domain.TrelloCardDto)
2018-05-27 16:11:00.745  INFO 4652 --- [    Test worker] s.w.s.m.m.a.RequestMappingHandlerMapping : Mapped "{[/v1/trello/getTrelloBoards],methods=[GET]}" onto public java.util.List<com.crud.tasks.domain.TrelloBoardDto> com.crud.tasks.controller.TrelloController.getTrelloBoards()
2018-05-27 16:11:00.757  INFO 4652 --- [    Test worker] s.w.s.m.m.a.RequestMappingHandlerMapping : Mapped "{[/swagger-resources]}" onto public org.springframework.http.ResponseEntity<java.util.List<springfox.documentation.swagger.web.SwaggerResource>> springfox.documentation.swagger.web.ApiResourceController.swaggerResources()
2018-05-27 16:11:00.758  INFO 4652 --- [    Test worker] s.w.s.m.m.a.RequestMappingHandlerMapping : Mapped "{[/swagger-resources/configuration/ui]}" onto public org.springframework.http.ResponseEntity<springfox.documentation.swagger.web.UiConfiguration> springfox.documentation.swagger.web.ApiResourceController.uiConfiguration()
2018-05-27 16:11:00.761  INFO 4652 --- [    Test worker] s.w.s.m.m.a.RequestMappingHandlerMapping : Mapped "{[/swagger-resources/configuration/security]}" onto public org.springframework.http.ResponseEntity<springfox.documentation.swagger.web.SecurityConfiguration> springfox.documentation.swagger.web.ApiResourceController.securityConfiguration()
2018-05-27 16:11:00.777  INFO 4652 --- [    Test worker] s.w.s.m.m.a.RequestMappingHandlerMapping : Mapped "{[/error]}" onto public org.springframework.http.ResponseEntity<java.util.Map<java.lang.String, java.lang.Object>> org.springframework.boot.autoconfigure.web.BasicErrorController.error(javax.servlet.http.HttpServletRequest)
2018-05-27 16:11:00.782  INFO 4652 --- [    Test worker] s.w.s.m.m.a.RequestMappingHandlerMapping : Mapped "{[/error],produces=[text/html]}" onto public org.springframework.web.servlet.ModelAndView org.springframework.boot.autoconfigure.web.BasicErrorController.errorHtml(javax.servlet.http.HttpServletRequest,javax.servlet.http.HttpServletResponse)
2018-05-27 16:11:01.209  INFO 4652 --- [    Test worker] pertySourcedRequestMappingHandlerMapping : Mapped URL path [/v2/api-docs] onto method [public org.springframework.http.ResponseEntity<springfox.documentation.spring.web.json.Json> springfox.documentation.swagger2.web.Swagger2Controller.getDocumentation(java.lang.String,javax.servlet.http.HttpServletRequest)]
2018-05-27 16:11:02.395  INFO 4652 --- [    Test worker] s.w.s.m.m.a.RequestMappingHandlerAdapter : Looking for @ControllerAdvice: org.springframework.web.context.support.GenericWebApplicationContext@6bbb7e0a: startup date [Sun May 27 16:10:57 CEST 2018]; root of context hierarchy
2018-05-27 16:11:02.512  INFO 4652 --- [    Test worker] o.s.w.s.handler.SimpleUrlHandlerMapping  : Mapped URL path [/lib/**] onto handler of type [class org.springframework.web.servlet.resource.ResourceHttpRequestHandler]
2018-05-27 16:11:02.516  INFO 4652 --- [    Test worker] o.s.w.s.handler.SimpleUrlHandlerMapping  : Mapped URL path [/images/**] onto handler of type [class org.springframework.web.servlet.resource.ResourceHttpRequestHandler]
2018-05-27 16:11:02.517  INFO 4652 --- [    Test worker] o.s.w.s.handler.SimpleUrlHandlerMapping  : Mapped URL path [/css/**] onto handler of type [class org.springframework.web.servlet.resource.ResourceHttpRequestHandler]
2018-05-27 16:11:02.518  INFO 4652 --- [    Test worker] o.s.w.s.handler.SimpleUrlHandlerMapping  : Mapped URL path [/swagger-ui.html] onto handler of type [class org.springframework.web.servlet.resource.ResourceHttpRequestHandler]
2018-05-27 16:11:02.519  INFO 4652 --- [    Test worker] o.s.w.s.handler.SimpleUrlHandlerMapping  : Mapped URL path [/webjars/**] onto handler of type [class org.springframework.web.servlet.resource.ResourceHttpRequestHandler]
2018-05-27 16:11:02.520  INFO 4652 --- [    Test worker] o.s.w.s.handler.SimpleUrlHandlerMapping  : Mapped URL path [/**] onto handler of type [class org.springframework.web.servlet.resource.ResourceHttpRequestHandler]
2018-05-27 16:11:02.645  INFO 4652 --- [    Test worker] o.s.w.s.handler.SimpleUrlHandlerMapping  : Mapped URL path [/**/favicon.ico] onto handler of type [class org.springframework.web.servlet.resource.ResourceHttpRequestHandler]
2018-05-27 16:11:03.179  INFO 4652 --- [    Test worker] o.s.b.t.m.w.SpringBootMockServletContext : Initializing Spring FrameworkServlet ''
2018-05-27 16:11:03.180  INFO 4652 --- [    Test worker] o.s.t.web.servlet.TestDispatcherServlet  : FrameworkServlet '': initialization started
2018-05-27 16:11:03.216  INFO 4652 --- [    Test worker] o.s.t.web.servlet.TestDispatcherServlet  : FrameworkServlet '': initialization completed in 36 ms
2018-05-27 16:11:03.470  INFO 4652 --- [    Test worker] o.s.c.support.DefaultLifecycleProcessor  : Starting beans in phase 2147483647
2018-05-27 16:11:03.473  INFO 4652 --- [    Test worker] d.s.w.p.DocumentationPluginsBootstrapper : Context refreshed
2018-05-27 16:11:03.477  INFO 4652 --- [    Test worker] d.s.w.p.DocumentationPluginsBootstrapper : Found 1 custom documentation plugin(s)
2018-05-27 16:11:03.508  INFO 4652 --- [    Test worker] s.d.s.w.s.ApiListingReferenceScanner     : Scanning for api listing references
2018-05-27 16:11:03.619  INFO 4652 --- [    Test worker] c.c.t.controller.TrelloControllerTest    : Started TrelloControllerTest in 6.378 seconds (JVM running for 34.123)
]]></system-out>
  <system-err><![CDATA[]]></system-err>
</testsuite>
